Log file open, 11/05/21 09:27:33
LogWindows: Failed to load 'aqProf.dll' (GetLastError=126)
LogWindows: File 'aqProf.dll' does not exist
LogWindows: Failed to load 'VSPerf140.dll' (GetLastError=126)
LogWindows: File 'VSPerf140.dll' does not exist
LogWindows: Failed to load 'VtuneApi.dll' (GetLastError=126)
LogWindows: File 'VtuneApi.dll' does not exist
LogWindows: Failed to load 'VtuneApi32e.dll' (GetLastError=126)
LogWindows: File 'VtuneApi32e.dll' does not exist
LogInit: Display: Running engine for game: FirstDay_2
LogPlatformFile: Not using cached read wrapper
LogTaskGraph: Started task graph with 5 named threads and 71 total threads with 3 sets of task threads.
LogStats: Stats thread started at 1.120487
LogD3D11RHI: Loaded GFSDK_Aftermath_Lib.x64.dll
LogICUInternationalization: Display: ICU TimeZone Detection - Raw Offset: +9:00, Platform Override: ''
LogPluginManager: Mounting plugin Paper2D
LogPluginManager: Mounting plugin AISupport
LogPluginManager: Mounting plugin LightPropagationVolume
LogPluginManager: Mounting plugin CLionSourceCodeAccess
LogPluginManager: Mounting plugin CodeLiteSourceCodeAccess
LogPluginManager: Mounting plugin GitSourceControl
LogPluginManager: Mounting plugin KDevelopSourceCodeAccess
LogPluginManager: Mounting plugin NullSourceCodeAccess
LogPluginManager: Mounting plugin PerforceSourceControl
LogPluginManager: Mounting plugin SubversionSourceControl
LogPluginManager: Mounting plugin UObjectPlugin
LogPluginManager: Mounting plugin VisualStudioCodeSourceCodeAccess
LogPluginManager: Mounting plugin VisualStudioSourceCodeAccess
LogPluginManager: Mounting plugin XCodeSourceCodeAccess
LogPluginManager: Mounting plugin AssetManagerEditor
LogPluginManager: Mounting plugin CryptoKeys
LogPluginManager: Mounting plugin DataValidation
LogPluginManager: Mounting plugin EditorScriptingUtilities
LogPluginManager: Mounting plugin FacialAnimation
LogPluginManager: Mounting plugin GameplayTagsEditor
LogPluginManager: Mounting plugin MacGraphicsSwitching
LogPluginManager: Mounting plugin MeshEditor
LogPluginManager: Mounting plugin MobileLauncherProfileWizard
LogPluginManager: Mounting plugin PluginBrowser
LogPluginManager: Mounting plugin SpeedTreeImporter
LogPluginManager: Mounting plugin DatasmithContent
LogPluginManager: Mounting plugin AlembicImporter
LogPluginManager: Mounting plugin AppleImageUtils
LogPluginManager: Mounting plugin AppleVision
LogPluginManager: Mounting plugin BackChannel
LogPluginManager: Mounting plugin CharacterAI
LogPluginManager: Mounting plugin GeometryCache
LogPluginManager: Mounting plugin HTML5Networking
LogPluginManager: Mounting plugin ProxyLODPlugin
LogPluginManager: Mounting plugin MagicLeap
LogPluginManager: Mounting plugin MagicLeapEmulator
LogPluginManager: Mounting plugin MagicLeapMedia
LogPluginManager: Mounting plugin AndroidMedia
LogPluginManager: Mounting plugin AvfMedia
LogPluginManager: Mounting plugin ImgMedia
LogPluginManager: Mounting plugin LinearTimecode
LogPluginManager: Mounting plugin MediaCompositing
LogPluginManager: Mounting plugin MediaPlayerEditor
LogPluginManager: Mounting plugin WmfMedia
LogPluginManager: Mounting plugin TcpMessaging
LogPluginManager: Mounting plugin UdpMessaging
LogPluginManager: Mounting plugin ActorSequence
LogPluginManager: Mounting plugin LevelSequenceEditor
LogPluginManager: Mounting plugin MatineeToLevelSequence
LogPluginManager: Mounting plugin NetcodeUnitTest
LogPluginManager: Mounting plugin NUTUnrealEngine4
LogPluginManager: Mounting plugin OnlineSubsystemGooglePlay
LogPluginManager: Mounting plugin OnlineSubsystemIOS
LogPluginManager: Mounting plugin OnlineSubsystem
LogPluginManager: Mounting plugin OnlineSubsystemNull
LogPluginManager: Mounting plugin OnlineSubsystemUtils
LogPluginManager: Mounting plugin LauncherChunkInstaller
LogPluginManager: Mounting plugin AndroidDeviceProfileSelector
LogPluginManager: Mounting plugin AndroidMoviePlayer
LogPluginManager: Mounting plugin AndroidPermission
LogPluginManager: Mounting plugin AppleMoviePlayer
LogPluginManager: Mounting plugin ArchVisCharacter
LogPluginManager: Mounting plugin AudioCapture
LogPluginManager: Mounting plugin CableComponent
LogPluginManager: Mounting plugin CustomMeshComponent
LogPluginManager: Mounting plugin EditableMesh
LogPluginManager: Mounting plugin ExampleDeviceProfileSelector
LogPluginManager: Mounting plugin GoogleCloudMessaging
LogPluginManager: Mounting plugin ImmediatePhysics
LogPluginManager: Mounting plugin IOSDeviceProfileSelector
LogPluginManager: Mounting plugin LinuxDeviceProfileSelector
LogPluginManager: Mounting plugin LocationServicesBPLibrary
LogPluginManager: Mounting plugin MobilePatchingUtils
LogPluginManager: Mounting plugin OculusVR
LogPluginManager: Plugin shader directory ../../../Engine/Plugins/Runtime/Oculus/OculusVR/Shaders found
LogPluginManager: Mapping shader source directory ../../../Engine/Plugins/Runtime/Oculus/OculusVR/Shaders to virtual directory /Plugin/OculusVR
LogPluginManager: Mounting plugin PhysXVehicles
LogPluginManager: Mounting plugin ProceduralMeshComponent
LogPluginManager: Mounting plugin RuntimePhysXCooking
LogPluginManager: Mounting plugin SteamVR
LogPluginManager: Mounting plugin WindowsMoviePlayer
LogPluginManager: Mounting plugin DatasmithCADImporter
LogPluginManager: Mounting plugin DatasmithFBXImporter
LogPluginManager: Mounting plugin DatasmithImporter
LogPluginManager: Mounting plugin DatasmithMDLImporter
LogPluginManager: Mounting plugin StaticMeshEditorExtension
LogStreaming: Display: Took  0.093s to configure plugins.
LogInit: Using libcurl 7.55.1-DEV
LogInit:  - built for x86_64-pc-win32
LogInit:  - supports SSL with OpenSSL/1.0.2h
LogInit:  - supports HTTP deflate (compression) using libz 1.2.8
LogInit:  - other features:
LogInit:      CURL_VERSION_SSL
LogInit:      CURL_VERSION_LIBZ
LogInit:      CURL_VERSION_IPV6
LogInit:      CURL_VERSION_ASYNCHDNS
LogInit:      CURL_VERSION_LARGEFILE
LogInit:      CURL_VERSION_IDN
LogInit:  CurlRequestOptions (configurable via config and command line):
LogInit:  - bVerifyPeer = false  - Libcurl will NOT verify peer certificate
LogInit:  - bUseHttpProxy = false  - Libcurl will NOT use HTTP proxy
LogInit:  - bDontReuseConnections = false  - Libcurl will reuse connections
LogInit:  - CertBundlePath = nullptr  - Libcurl will use whatever was configured at build time.
LogInit:  - MaxHostConnections = 16  - Libcurl will limit the number of connections to a host
LogInit:  - LocalHostAddr = Default
LogInit:  - BufferSize = 65536
LogInit: WinSock: version 1.1 (2.2), MaxSocks=32767, MaxUdp=65467
LogHMD: Failed initializing OVRPlugin 1.25.0
LogInit: Build: ++UE4+Release-4.20-CL-4369336
LogInit: Engine Version: 4.20.3-4369336+++UE4+Release-4.20
LogInit: Compatible Engine Version: 4.20.0-4212847+++UE4+Release-4.20
LogInit: Net CL: 4212847
LogInit: OS: Windows 10 (), CPU: AMD Ryzen 9 3900X 12-Core Processor            , GPU: NVIDIA GeForce RTX 2060 SUPER
LogInit: Compiled (64-bit): Sep 17 2018 12:26:19
LogInit: Compiled with Visual C++: 19.13.26129.00
LogInit: Build Configuration: Development
LogInit: Branch Name: ++UE4+Release-4.20
LogInit: Command Line: 
LogInit: Base Directory: D:/UE_4.20/Engine/Binaries/Win64/
LogInit: Installed Engine Build: 1
LogDevObjectVersion: Number of dev versions registered: 20
LogDevObjectVersion:   Dev-Blueprints (B0D832E4-1F89-4F0D-ACCF-7EB736FD4AA2): 10
LogDevObjectVersion:   Dev-Build (E1C64328-A22C-4D53-A36C-8E866417BD8C): 0
LogDevObjectVersion:   Dev-Core (375EC13C-06E4-48FB-B500-84F0262A717E): 2
LogDevObjectVersion:   Dev-Editor (E4B068ED-F494-42E9-A231-DA0B2E46BB41): 24
LogDevObjectVersion:   Dev-Framework (CFFC743F-43B0-4480-9391-14DF171D2073): 34
LogDevObjectVersion:   Dev-Mobile (B02B49B5-BB20-44E9-A304-32B752E40360): 2
LogDevObjectVersion:   Dev-Networking (A4E4105C-59A1-49B5-A7C5-40C4547EDFEE): 0
LogDevObjectVersion:   Dev-Online (39C831C9-5AE6-47DC-9A44-9C173E1C8E7C): 0
LogDevObjectVersion:   Dev-Physics (78F01B33-EBEA-4F98-B9B4-84EACCB95AA2): 0
LogDevObjectVersion:   Dev-Platform (6631380F-2D4D-43E0-8009-CF276956A95A): 0
LogDevObjectVersion:   Dev-Rendering (12F88B9F-8875-4AFC-A67C-D90C383ABD29): 26
LogDevObjectVersion:   Dev-Sequencer (7B5AE74C-D270-4C10-A958-57980B212A5A): 9
LogDevObjectVersion:   Dev-VR (D7296918-1DD6-4BDD-9DE2-64A83CC13884): 2
LogDevObjectVersion:   Dev-LoadTimes (C2A15278-BFE7-4AFE-6C17-90FF531DF755): 1
LogDevObjectVersion:   Private-Geometry (6EACA3D4-40EC-4CC1-B786-8BED09428FC5): 3
LogDevObjectVersion:   Dev-AnimPhys (29E575DD-E0A3-4627-9D10-D276232CDCEA): 17
LogDevObjectVersion:   Dev-ReflectionCapture (6B266CEC-1EC7-4B8F-A30B-E4D90942FC07): 1
LogDevObjectVersion:   Dev-Automation (0DF73D61-A23F-47EA-B727-89E90C41499A): 1
LogDevObjectVersion:   FortniteMain (601D1886-AC64-4F84-AA16-D3DE0DEAC7D6): 12
LogDevObjectVersion:   Dev-Enterprise (9DFFBCD6-494F-0158-E221-12823C92A888): 1
LogStreaming: Display: Took  0.000s to delete old logs.
LogInit: Presizing for max 8388607 objects, including 0 objects not considered by GC, pre-allocating 0 bytes for permanent pool.
LogInit: Object subsystem initialized
[2021.11.05-00.27.34:596][  0]LogInit: Selected Device Profile: [Windows]
[2021.11.05-00.27.34:596][  0]LogInit: Applying CVar settings loaded from the selected device profile: [Windows]
[2021.11.05-00.27.34:603][  0]LogHAL: Display: Platform has ~ 32 GB [34269368320 / 34359738368 / 32], which maps to Largest [LargestMinGB=32, LargerMinGB=12, DefaultMinGB=8, SmallerMinGB=6, SmallestMinGB=0)
[2021.11.05-00.27.34:603][  0]LogInit: Setting Device Profile CVar: [[r.Vulkan.UseRealUBs:1]]
[2021.11.05-00.27.34:603][  0]LogInit: Going up to parent DeviceProfile []
[2021.11.05-00.27.34:603][  0]LogInit: Computer: DESKTOP-QK7E7VH
[2021.11.05-00.27.34:603][  0]LogInit: User: Wangjunyoung
[2021.11.05-00.27.34:603][  0]LogInit: CPU Page size=4096, Cores=12
[2021.11.05-00.27.34:603][  0]LogInit: High frequency timer resolution =10.000000 MHz
[2021.11.05-00.27.34:604][  0]LogMemory: Memory total: Physical=31.9GB (32GB approx)
[2021.11.05-00.27.34:604][  0]LogMemory: Platform Memory Stats for Windows
[2021.11.05-00.27.34:604][  0]LogMemory: Process Physical Memory: 107.55 MB used, 107.55 MB peak
[2021.11.05-00.27.34:604][  0]LogMemory: Process Virtual Memory: 96.93 MB used, 96.93 MB peak
[2021.11.05-00.27.34:604][  0]LogMemory: Physical Memory: 7071.89 MB used,  25609.93 MB free, 32681.82 MB total
[2021.11.05-00.27.34:604][  0]LogMemory: Virtual Memory: 4722.88 MB used,  25609.93 MB free, 134217728.00 MB total
[2021.11.05-00.27.34:627][  0]LogInit: Using OS detected language (ko-KR).
[2021.11.05-00.27.34:627][  0]LogInit: Using OS detected locale (ja-JP).
[2021.11.05-00.27.34:627][  0]LogTextLocalizationManager: No specific localization for 'ko-KR' exists, so the 'ko' localization will be used.
[2021.11.05-00.27.34:928][  0]LogStreaming: Display: Took  0.301s to InitEngineTextLocalization.
[2021.11.05-00.27.34:928][  0]LogInit: Setting process to per monitor DPI aware
[2021.11.05-00.27.34:963][  0]LogSlate: New Slate User Created.  User Index 0, Is Virtual User: 0
[2021.11.05-00.27.34:963][  0]LogSlate: Slate User Registered.  User Index 0, Is Virtual User: 0
[2021.11.05-00.27.35:135][  0]LogHMD: Failed to initialize OpenVR with code 108
[2021.11.05-00.27.35:135][  0]LogD3D11RHI: D3D11 adapters:
[2021.11.05-00.27.35:212][  0]LogD3D11RHI:    0. 'NVIDIA GeForce RTX 2060 SUPER' (Feature Level 11_0)
[2021.11.05-00.27.35:212][  0]LogD3D11RHI:       8031/0/16340 MB DedicatedVideo/DedicatedSystem/SharedSystem, Outputs:2, VendorId:0x10de
[2021.11.05-00.27.35:214][  0]LogD3D11RHI:    1. 'Microsoft Basic Render Driver' (Feature Level 11_0)
[2021.11.05-00.27.35:214][  0]LogD3D11RHI:       0/0/16340 MB DedicatedVideo/DedicatedSystem/SharedSystem, Outputs:0, VendorId:0x1414
[2021.11.05-00.27.35:214][  0]LogD3D11RHI: Chosen D3D11 Adapter: 0
[2021.11.05-00.27.35:220][  0]LogD3D11RHI: Creating new Direct3DDevice
[2021.11.05-00.27.35:220][  0]LogD3D11RHI:     GPU DeviceId: 0x1f06 (for the marketing name, search the web for "GPU Device Id")
[2021.11.05-00.27.35:220][  0]LogWindows: EnumDisplayDevices:
[2021.11.05-00.27.35:220][  0]LogWindows:    0. 'NVIDIA GeForce RTX 2060 SUPER' (P:1 D:1)
[2021.11.05-00.27.35:220][  0]LogWindows:    1. 'NVIDIA GeForce RTX 2060 SUPER' (P:0 D:1)
[2021.11.05-00.27.35:220][  0]LogWindows:    2. 'NVIDIA GeForce RTX 2060 SUPER' (P:0 D:0)
[2021.11.05-00.27.35:220][  0]LogWindows:    3. 'NVIDIA GeForce RTX 2060 SUPER' (P:0 D:0)
[2021.11.05-00.27.35:221][  0]LogWindows: DebugString: FoundDriverCount:4 
[2021.11.05-00.27.35:221][  0]LogD3D11RHI:     Adapter Name: NVIDIA GeForce RTX 2060 SUPER
[2021.11.05-00.27.35:221][  0]LogD3D11RHI:   Driver Version: 456.71 (internal:27.21.14.5671, unified:456.71)
[2021.11.05-00.27.35:221][  0]LogD3D11RHI:      Driver Date: 9-30-2020
[2021.11.05-00.27.35:221][  0]LogRHI: Texture pool is 5621 MB (70% of 8031 MB)
[2021.11.05-00.27.35:266][  0]LogD3D11RHI: Async texture creation enabled
[2021.11.05-00.27.35:279][  0]LogD3D11RHI: GPU Timing Frequency: 1000.000000 (Debug: 2 1)
[2021.11.05-00.27.35:282][  0]LogShaderCompilers: Guid format shader working directory is -5 characters bigger than the processId version (E:/UnrealGithub/Week-1/Unreal_1st_Week/FirstDay/FirstDay_2/Intermediate/Shaders/WorkingDirectory/3912/).
[2021.11.05-00.27.35:282][  0]LogShaderCompilers: Cleaned the shader compiler working directory 'C:/Users/WANGJUNYOUNG/AppData/Local/Temp/UnrealShaderWorkingDir/10485F2D470E17B83477E881D7C9C3C7/'.
[2021.11.05-00.27.35:469][  0]LogTemp: Display: Loaded TP AllDesktopTargetPlatform
[2021.11.05-00.27.35:480][  0]LogTemp: Display: Loaded TP MacClientTargetPlatform
[2021.11.05-00.27.35:491][  0]LogTemp: Display: Loaded TP MacNoEditorTargetPlatform
[2021.11.05-00.27.35:502][  0]LogTemp: Display: Loaded TP MacServerTargetPlatform
[2021.11.05-00.27.35:512][  0]LogTemp: Display: Loaded TP MacTargetPlatform
[2021.11.05-00.27.35:523][  0]LogTemp: Display: Loaded TP WindowsClientTargetPlatform
[2021.11.05-00.27.35:533][  0]LogTemp: Display: Loaded TP WindowsNoEditorTargetPlatform
[2021.11.05-00.27.35:544][  0]LogTemp: Display: Loaded TP WindowsServerTargetPlatform
[2021.11.05-00.27.35:548][  0]LogTemp: Display: Loaded TP WindowsTargetPlatform
[2021.11.05-00.27.35:610][  0]LogTemp: Display: Loaded TP AndroidTargetPlatform
[2021.11.05-00.27.35:610][  0]LogTemp: Display: Loaded TP AndroidTargetPlatform
[2021.11.05-00.27.35:610][  0]LogTemp: Display: Loaded TP AndroidTargetPlatform
[2021.11.05-00.27.35:610][  0]LogTemp: Display: Loaded TP AndroidTargetPlatform
[2021.11.05-00.27.35:610][  0]LogTemp: Display: Loaded TP AndroidTargetPlatform
[2021.11.05-00.27.35:610][  0]LogTemp: Display: Loaded TP AndroidTargetPlatform
[2021.11.05-00.27.35:610][  0]LogTemp: Display: Loaded TP AndroidTargetPlatform
[2021.11.05-00.27.35:610][  0]LogTemp: Display: Loaded TP AndroidTargetPlatform
[2021.11.05-00.27.35:610][  0]LogTemp: Display: Loaded TP AndroidTargetPlatform
[2021.11.05-00.27.35:610][  0]LogTemp: Display: Loaded TP AndroidTargetPlatform
[2021.11.05-00.27.35:610][  0]LogTemp: Display: Loaded TP AndroidTargetPlatform
[2021.11.05-00.27.35:610][  0]LogTemp: Display: Loaded TP AndroidTargetPlatform
[2021.11.05-00.27.35:610][  0]LogTemp: Display: Loaded TP AndroidTargetPlatform
[2021.11.05-00.27.35:610][  0]LogTemp: Display: Loaded TP AndroidTargetPlatform
[2021.11.05-00.27.35:610][  0]LogTemp: Display: Loaded TP AndroidTargetPlatform
[2021.11.05-00.27.35:610][  0]LogTemp: Display: Loaded TP AndroidTargetPlatform
[2021.11.05-00.27.35:610][  0]LogTemp: Display: Loaded TP AndroidTargetPlatform
[2021.11.05-00.27.35:610][  0]LogTemp: Display: Loaded TP AndroidTargetPlatform
[2021.11.05-00.27.35:611][  0]LogTemp: Display: Loaded TP HTML5TargetPlatform
[2021.11.05-00.27.35:666][  0]LogTemp: Display: Loaded TP IOSTargetPlatform
[2021.11.05-00.27.35:666][  0]LogTemp: Display: Loaded TP IOSTargetPlatform
[2021.11.05-00.27.35:685][  0]LogTemp: Display: Loaded TP TVOSTargetPlatform
[2021.11.05-00.27.35:685][  0]LogTemp: Display: Loaded TP TVOSTargetPlatform
[2021.11.05-00.27.35:695][  0]LogTemp: Display: Loaded TP LinuxClientTargetPlatform
[2021.11.05-00.27.35:704][  0]LogTemp: Display: Loaded TP LinuxNoEditorTargetPlatform
[2021.11.05-00.27.35:714][  0]LogTemp: Display: Loaded TP LinuxServerTargetPlatform
[2021.11.05-00.27.35:725][  0]LogTemp: Display: Loaded TP LinuxTargetPlatform
[2021.11.05-00.27.35:732][  0]LogTemp: Display: Loaded TP LuminTargetPlatform
[2021.11.05-00.27.35:732][  0]LogTargetPlatformManager: Display: Building Assets For Windows
[2021.11.05-00.27.35:774][  0]LogXGEController: Cannot use XGE Controller as Incredibuild is not installed on this machine.
[2021.11.05-00.27.35:775][  0]LogShaderCompilers: Cannot use XGE Shader Compiler as Incredibuild is not installed on this machine.
[2021.11.05-00.27.35:775][  0]LogShaderCompilers: Display: Using Local Shader Compiler.
[2021.11.05-00.27.36:311][  0]LogDerivedDataCache: Display: Max Cache Size: 512 MB
[2021.11.05-00.27.36:348][  0]LogDerivedDataCache: Loaded boot cache 0.04s 72MB C:/Users/WANGJUNYOUNG/AppData/Local/UnrealEngine/4.20/DerivedDataCache/Boot.ddc.
[2021.11.05-00.27.36:348][  0]LogDerivedDataCache: Display: Loaded Boot cache: C:/Users/WANGJUNYOUNG/AppData/Local/UnrealEngine/4.20/DerivedDataCache/Boot.ddc
[2021.11.05-00.27.36:348][  0]LogDerivedDataCache: FDerivedDataBackendGraph:  Pak pak cache file E:/UnrealGithub/Week-1/Unreal_1st_Week/FirstDay/FirstDay_2/DerivedDataCache/DDC.ddp not found, will not use a pak cache.
[2021.11.05-00.27.36:348][  0]LogDerivedDataCache: Unable to find inner node Pak for hierarchical cache Hierarchy.
[2021.11.05-00.27.36:348][  0]LogDerivedDataCache: FDerivedDataBackendGraph:  CompressedPak pak cache file E:/UnrealGithub/Week-1/Unreal_1st_Week/FirstDay/FirstDay_2/DerivedDataCache/Compressed.ddp not found, will not use a pak cache.
[2021.11.05-00.27.36:348][  0]LogDerivedDataCache: Unable to find inner node CompressedPak for hierarchical cache Hierarchy.
[2021.11.05-00.27.36:363][  0]LogDerivedDataCache: Display: Pak cache opened for reading ../../../Engine/DerivedDataCache/Compressed.ddp.
[2021.11.05-00.27.36:375][  0]LogDerivedDataCache: Using Local data cache path C:/Users/WANGJUNYOUNG/AppData/Local/UnrealEngine/Common/DerivedDataCache: Writable
[2021.11.05-00.27.36:375][  0]LogDerivedDataCache: Shared data cache path not found in *engine.ini, will not use an Shared cache.
[2021.11.05-00.27.36:375][  0]LogDerivedDataCache: Unable to find inner node Shared for hierarchical cache Hierarchy.
[2021.11.05-00.27.36:389][  0]LogMaterial: Verifying Global Shaders for PCD3D_SM5
[2021.11.05-00.27.36:391][  0]LogSlate: Using FreeType 2.6.0
[2021.11.05-00.27.36:391][  0]LogSlate: SlateFontServices - WITH_FREETYPE: 1, WITH_HARFBUZZ: 1
[2021.11.05-00.27.36:451][  0]LogAssetRegistry: FAssetRegistry took 0.0250 seconds to start up
[2021.11.05-00.27.36:693][  0]LogInit: Selected Device Profile: [Windows]
[2021.11.05-00.27.36:785][  0]LogSimplygon: Simplygon DLL not present - disabling.
[2021.11.05-00.27.36:789][  0]LogMeshReduction: Using SimplygonSwarm for distributed automatic mesh merging
[2021.11.05-00.27.36:789][  0]LogMeshReduction: Using ProxyLODMeshReduction for automatic mesh merging
[2021.11.05-00.27.36:789][  0]LogMeshReduction: Using QuadricMeshReduction for automatic static mesh reduction
[2021.11.05-00.27.36:789][  0]LogMeshReduction: No automatic skeletal mesh reduction module available
[2021.11.05-00.27.36:801][  0]LogNetVersion: FirstDay_2 1.0.0, NetCL: 4212847, EngineNetVer: 5, GameNetVer: 0 (Checksum: 4129501508)
[2021.11.05-00.27.37:139][  0]LogPackageLocalizationCache: Processed 13 localized package path(s) for 2 prioritized culture(s) in 0.064411 seconds
[2021.11.05-00.27.37:144][  0]LogUObjectArray: 38426 objects as part of root set at end of initial load.
[2021.11.05-00.27.37:144][  0]LogUObjectAllocator: 6691096 out of 0 bytes used by permanent object pool.
[2021.11.05-00.27.37:144][  0]LogUObjectArray: CloseDisregardForGC: 0/0 objects in disregard for GC pool
[2021.11.05-00.27.37:730][  0]LogTcpMessaging: Initializing TcpMessaging bridge
[2021.11.05-00.27.37:743][  0]LogUdpMessaging: Initializing bridge on interface 0.0.0.0:0 to multicast group 230.0.0.1:6666.
[2021.11.05-00.27.37:862][  0]SourceControl: 소스 컨트롤이 꺼졌습니다.
[2021.11.05-00.27.37:862][  0]SourceControl: 소스 컨트롤이 꺼졌습니다.
[2021.11.05-00.27.37:863][  0]SourceControl: 소스 컨트롤이 꺼졌습니다.
[2021.11.05-00.27.37:864][  0]SourceControl: 소스 컨트롤이 꺼졌습니다.
[2021.11.05-00.27.38:009][  0]LogAndroidPermission: UAndroidPermissionCallbackProxy::GetInstance
[2021.11.05-00.27.38:098][  0]LogOcInput: OculusInput pre-init called
[2021.11.05-00.27.39:371][  0]LogEngine: Initializing Engine...
[2021.11.05-00.27.39:427][  0]LogHMD: Failed to initialize OpenVR with code 108
[2021.11.05-00.27.39:428][  0]LogStats: UGameplayTagsManager::ConstructGameplayTagTree: ImportINI prefixes -  0.000 s
[2021.11.05-00.27.39:428][  0]LogStats: UGameplayTagsManager::ConstructGameplayTagTree: Construct from data asset -  0.000 s
[2021.11.05-00.27.39:428][  0]LogStats: UGameplayTagsManager::ConstructGameplayTagTree: ImportINI -  0.000 s
[2021.11.05-00.27.39:428][  0]LogStats: UGameplayTagsManager::ConstructGameplayTagTree: GameplayTagTreeChangedEvent.Broadcast -  0.000 s
[2021.11.05-00.27.39:559][  0]LogInit: Initializing FReadOnlyCVARCache
[2021.11.05-00.27.39:569][  0]LogAIModule: Creating AISystem for world Untitled
[2021.11.05-00.27.39:599][  0]LogInit: XAudio2 using '스피커(High Definition Audio Device)' : 2 channels at 48 kHz using 16 bits per sample (channel mask 0x3)
[2021.11.05-00.27.39:628][  0]LogInit: FAudioDevice initialized.
[2021.11.05-00.27.39:629][  0]LogNetVersion: Set ProjectVersion to 1.0.0.0. Version Checksum will be recalculated on next use.
[2021.11.05-00.27.39:801][  0]LogDerivedDataCache: Saved boot cache 0.17s 72MB C:/Users/WANGJUNYOUNG/AppData/Local/UnrealEngine/4.20/DerivedDataCache/Boot.ddc.
[2021.11.05-00.27.39:803][  0]LogInit: Texture streaming: Enabled
[2021.11.05-00.27.39:816][  0]LogEngineSessionManager: EngineSessionManager initialized
[2021.11.05-00.27.39:826][  0]LogInit: Transaction tracking system initialized
[2021.11.05-00.27.39:841][  0]BlueprintLog: New page: 에디터 로드
[2021.11.05-00.27.39:892][  0]LocalizationService: 현지화 서비스가 비활성화되었습니다.
[2021.11.05-00.27.40:118][  0]LogCook: Display: Max memory allowance for cook 16384mb min free memory 0mb
[2021.11.05-00.27.40:118][  0]LogCook: Display: Mobile HDR setting 1
[2021.11.05-00.27.40:118][  0]LogGameplayTags: Display: UGameplayTagsManager::DoneAddingNativeTags. DelegateIsBound: 0
[2021.11.05-00.27.40:118][  0]LogStats: UGameplayTagsManager::ConstructGameplayTagTree: ImportINI prefixes -  0.000 s
[2021.11.05-00.27.40:118][  0]LogStats: UGameplayTagsManager::ConstructGameplayTagTree: Construct from data asset -  0.000 s
[2021.11.05-00.27.40:118][  0]LogStats: UGameplayTagsManager::ConstructGameplayTagTree: ImportINI -  0.000 s
[2021.11.05-00.27.40:118][  0]LogStats: UGameplayTagsManager::ConstructGameplayTagTree: GameplayTagTreeChangedEvent.Broadcast -  0.000 s
[2021.11.05-00.27.40:189][  0]LogFileCache: Scanning file cache for directory 'E:/UnrealGithub/Week-1/Unreal_1st_Week/FirstDay/FirstDay_2/Content/' took 0.01s
[2021.11.05-00.27.40:966][  0]SourceControl: 소스 컨트롤이 꺼졌습니다.
[2021.11.05-00.27.40:966][  0]Cmd: MAP LOAD FILE="E:/UnrealGithub/Week-1/Unreal_1st_Week/FirstDay/FirstDay_2/Content/StarterContent/Maps/Minimal_Default.umap" TEMPLATE=0 SHOWPROGRESS=1 FEATURELEVEL=3
[2021.11.05-00.27.40:967][  0]LightingResults: New page: 라이팅 빌드
[2021.11.05-00.27.40:968][  0]MapCheck: New page: 맵 체크
[2021.11.05-00.27.40:968][  0]LightingResults: New page: 라이팅 빌드
[2021.11.05-00.27.41:168][  0]LogAIModule: Creating AISystem for world Minimal_Default
[2021.11.05-00.27.41:174][  0]LogEditorServer: Finished looking for orphan Actors (0.000 secs)
[2021.11.05-00.27.41:200][  0]Cmd: MAP CHECKDEP NOCLEARLOG
[2021.11.05-00.27.41:244][  0]MapCheck: 맵 체크 완료: 오류 0 회, 경고 0 회, 소요 시간 44.326ms.
[2021.11.05-00.27.41:244][  0]LogFileHelpers: Loading map 'Minimal_Default' took 0.278
[2021.11.05-00.27.41:331][  0]LogSlate: Updating window title bar state: overlay mode, drag disabled, window buttons hidden, title bar hidden
[2021.11.05-00.27.41:337][  0]LogSlate: Updating window title bar state: overlay mode, drag disabled, window buttons hidden, title bar hidden
[2021.11.05-00.27.41:342][  0]LogSlate: Updating window title bar state: overlay mode, drag disabled, window buttons hidden, title bar hidden
[2021.11.05-00.27.41:347][  0]LogSlate: Updating window title bar state: overlay mode, drag disabled, window buttons hidden, title bar hidden
[2021.11.05-00.27.41:351][  0]LogCollectionManager: Loaded 0 collections in 0.001183 seconds
[2021.11.05-00.27.41:389][  0]LogFileCache: Scanning file cache for directory 'E:/UnrealGithub/Week-1/Unreal_1st_Week/FirstDay/FirstDay_2/Saved/Collections/' took 0.01s
[2021.11.05-00.27.41:389][  0]LogFileCache: Scanning file cache for directory 'E:/UnrealGithub/Week-1/Unreal_1st_Week/FirstDay/FirstDay_2/Content/Developers/Wangjunyoung/Collections/' took 0.01s
[2021.11.05-00.27.41:389][  0]LogFileCache: Scanning file cache for directory 'E:/UnrealGithub/Week-1/Unreal_1st_Week/FirstDay/FirstDay_2/Content/Collections/' took 0.01s
[2021.11.05-00.27.41:389][  0]LogCollectionManager: Rebuilt the GUID cache for 0 collections in 0.000000 seconds
[2021.11.05-00.27.41:398][  0]LogContentBrowser: Native class hierarchy populated in 0.0083 seconds. Added 2622 classes and 631 folders.
[2021.11.05-00.27.41:402][  0]LogContentBrowser: Native class hierarchy updated for 'WidgetCarousel' in 0.0003 seconds. Added 0 classes and 0 folders.
[2021.11.05-00.27.41:431][  0]LogContentBrowser: Native class hierarchy updated for 'AddContentDialog' in 0.0003 seconds. Added 0 classes and 0 folders.
[2021.11.05-00.27.41:436][  0]LogContentBrowser: Native class hierarchy updated for 'SceneOutliner' in 0.0004 seconds. Added 1 classes and 2 folders.
[2021.11.05-00.27.41:447][  0]LogSlate: Took 0.000139 seconds to synchronously load lazily loaded font '../../../Engine/Content/Slate/Fonts/Roboto-Regular.ttf' (155K)
[2021.11.05-00.27.41:450][  0]LogSlate: Took 0.001367 seconds to synchronously load lazily loaded font '../../../Engine/Content/Editor/Slate/Fonts/NanumGothic.ttf' (4243K)
[2021.11.05-00.27.41:452][  0]LogSlate: Took 0.001459 seconds to synchronously load lazily loaded font '../../../Engine/Content/Editor/Slate/Fonts/NanumGothicBold.ttf' (4188K)
[2021.11.05-00.27.41:452][  0]LogSlate: Took 0.000094 seconds to synchronously load lazily loaded font '../../../Engine/Content/Slate/Fonts/Roboto-Bold.ttf' (160K)
[2021.11.05-00.27.41:455][  0]LogSlate: Took 0.000109 seconds to synchronously load lazily loaded font '../../../Engine/Content/Editor/Slate/Fonts/FontAwesome.ttf' (139K)
[2021.11.05-00.27.41:508][  0]LogRenderer: Reallocating scene render targets to support 1088x600 Format 10 NumSamples 1 (Frame:1).
[2021.11.05-00.27.41:593][  0]LogContentBrowser: Native class hierarchy updated for 'HierarchicalLODOutliner' in 0.0004 seconds. Added 0 classes and 0 folders.
[2021.11.05-00.27.41:593][  0]LogLoad: (Engine Initialization) Total time: 10.18 seconds
[2021.11.05-00.27.41:593][  0]LogLoad: (Engine Initialization) Total Blueprint compile time: 0.00 seconds
[2021.11.05-00.27.41:627][  0]LogAssetRegistry: Asset discovery search completed in 5.1978 seconds
[2021.11.05-00.27.41:628][  0]LogCollectionManager: Rebuilt the object cache for 0 collections in 0.000000 seconds (found 0 objects)
[2021.11.05-00.27.41:628][  0]LogCollectionManager: Fixed up redirectors for 0 collections in 0.000027 seconds (updated 0 objects)
[2021.11.05-00.27.41:629][  0]LogContentStreaming: Texture pool size now 1000 MB
[2021.11.05-00.27.41:644][  0]LogSlate: Took 0.000163 seconds to synchronously load lazily loaded font '../../../Engine/Content/Slate/Fonts/Roboto-Light.ttf' (167K)
[2021.11.05-00.27.46:952][ 16]LogSlate: FSceneViewport::OnFocusLost() reason 0
[2021.11.05-00.28.04:635][103]LogSlate: Took 0.000130 seconds to synchronously load lazily loaded font '../../../Engine/Content/Slate/Fonts/Roboto-Light.ttf' (167K)
[2021.11.05-00.28.04:679][103]LogSlate: Took 0.000170 seconds to synchronously load lazily loaded font '../../../Engine/Content/Slate/Fonts/Roboto-BoldCondensed.ttf' (158K)
[2021.11.05-00.28.09:421][659]Running D:/UE_4.20/Engine/Binaries/DotNET/UnrealBuildTool.exe  -projectfiles -project="E:/UnrealGithub/Week-1/Unreal_1st_Week/FirstDay/FirstDay_2/FirstDay_2.uproject" -game -rocket -progress
[2021.11.05-00.28.09:625][659]Discovering modules, targets and source code for project...
[2021.11.05-00.28.10:934][659]D:\UE_4.20\Engine\Source\ThirdParty\Expat\Expat.Build.cs: warning: Referenced directory 'D:\UE_4.20\Engine\Source\ThirdParty\Expat\expat-2.2.0\Win64\VS2015\Release' does not exist.
[2021.11.05-00.28.11:137][659]D:\UE_4.20\Enterprise\Plugins\Editor\DatasmithMDLImporter\Source\DatasmithMDLImporter\DatasmithMDLImporter.Build.cs: warning: Referenced directory 'D:\UE_4.20\Enterprise\Plugins\Editor\DatasmithMDLImporter\Source\ThirdParty\NotForLicensees\AxF-Decoding-SDK-1.5.1\include' does not exist.
[2021.11.05-00.28.11:137][659]D:\UE_4.20\Enterprise\Plugins\Editor\DatasmithMDLImporter\Source\DatasmithMDLImporter\DatasmithMDLImporter.Build.cs: warning: Referenced directory 'D:\UE_4.20\Enterprise\Plugins\Editor\DatasmithMDLImporter\Source\ThirdParty\NotForLicensees\mdl-sdk-302800.547\include' does not exist.
[2021.11.05-00.28.12:456][659]LogVSAccessor: Warning: Couldn't access Visual Studio
[2021.11.05-00.28.12:460][659]Candidate modules for hot reload:
[2021.11.05-00.28.12:460][659]  FirstDay_2
[2021.11.05-00.28.12:460][659]Launching UnrealBuildTool... [D:/UE_4.20/Engine/Binaries/DotNET/UnrealBuildTool.exe  -ModuleWithSuffix=FirstDay_2,696 Win64 Development -TargetType=Editor -Project="E:/UnrealGithub/Week-1/Unreal_1st_Week/FirstDay/FirstDay_2/FirstDay_2.uproject" -canskiplink "E:/UnrealGithub/Week-1/Unreal_1st_Week/FirstDay/FirstDay_2/FirstDay_2.uproject" ]
[2021.11.05-00.28.41:938][659]CompilerResultsLog: New page: 컴파일 - 2021/11/05 18:28:41
[2021.11.05-00.28.41:938][659]CompilerResultsLog: Performing full C++ include scan (hot reloading a new target)
[2021.11.05-00.28.41:938][659]CompilerResultsLog: Creating makefile for hot reloading FirstDay_2Editor (no existing makefile)
[2021.11.05-00.28.41:938][659]CompilerResultsLog: Compiling game modules for hot reload
[2021.11.05-00.28.41:938][659]CompilerResultsLog: Using Visual Studio 2017 14.16.27023 toolchain (C:\Program Files (x86)\Microsoft Visual Studio\2017\Community\VC\Tools\MSVC\14.16.27023) and Windows 10.0.17763.0 SDK (C:\Program Files (x86)\Windows Kits\10).
[2021.11.05-00.28.41:938][659]CompilerResultsLog: D:\UE_4.20\Enterprise\Plugins\Editor\DatasmithMDLImporter\Source\DatasmithMDLImporter\DatasmithMDLImporter.Build.cs: warning: Referenced directory 'D:\UE_4.20\Enterprise\Plugins\Editor\DatasmithMDLImporter\Source\ThirdParty\NotForLicensees\AxF-Decoding-SDK-1.5.1\include' does not exist.
[2021.11.05-00.28.41:938][659]CompilerResultsLog: D:\UE_4.20\Enterprise\Plugins\Editor\DatasmithMDLImporter\Source\DatasmithMDLImporter\DatasmithMDLImporter.Build.cs: warning: Referenced directory 'D:\UE_4.20\Enterprise\Plugins\Editor\DatasmithMDLImporter\Source\ThirdParty\NotForLicensees\mdl-sdk-302800.547\include' does not exist.
[2021.11.05-00.28.41:938][659]CompilerResultsLog: Parsing headers for FirstDay_2Editor
[2021.11.05-00.28.41:938][659]CompilerResultsLog:   Running UnrealHeaderTool "E:\UnrealGithub\Week-1\Unreal_1st_Week\FirstDay\FirstDay_2\FirstDay_2.uproject" "E:\UnrealGithub\Week-1\Unreal_1st_Week\FirstDay\FirstDay_2\Intermediate\Build\Win64\FirstDay_2Editor\Development\FirstDay_2Editor.uhtmanifest" -LogCmds="loginit warning, logexit warning, logdatabase error" -Unattended -WarningsAsErrors -installed
[2021.11.05-00.28.41:938][659]CompilerResultsLog: Reflection code generated for FirstDay_2Editor in 7.4630709 seconds
[2021.11.05-00.28.41:938][659]CompilerResultsLog: Building 10 actions with 24 processes...
[2021.11.05-00.28.41:938][659]CompilerResultsLog:   [1/10] PCLaunch.rc
[2021.11.05-00.28.41:938][659]CompilerResultsLog:   [2/10] SharedPCH.Engine.cpp
[2021.11.05-00.28.41:938][659]CompilerResultsLog:   [3/10] FirstDay_2.cpp
[2021.11.05-00.28.41:938][659]CompilerResultsLog:   [4/10] MyPawn.cpp
[2021.11.05-00.28.41:938][659]CompilerResultsLog:   [5/10] FirstDay_2.init.gen.cpp
[2021.11.05-00.28.41:938][659]CompilerResultsLog:   [6/10] FirstDay_2GameModeBase.cpp
[2021.11.05-00.28.41:938][659]CompilerResultsLog:   [7/10] MyPawn.gen.cpp
[2021.11.05-00.28.41:938][659]CompilerResultsLog:   [8/10] FirstDay_2GameModeBase.gen.cpp
[2021.11.05-00.28.41:938][659]CompilerResultsLog:   [9/10] UE4Editor-FirstDay_2-696.lib
[2021.11.05-00.28.41:938][659]CompilerResultsLog:      E:\UnrealGithub\Week-1\Unreal_1st_Week\FirstDay\FirstDay_2\Intermediate\Build\Win64\UE4Editor\Development\FirstDay_2\UE4Editor-FirstDay_2-696.lib
[2021.11.05-00.28.41:938][659]CompilerResultsLog:   [10/10] UE4Editor-FirstDay_2-696.dll
[2021.11.05-00.28.41:938][659]CompilerResultsLog:      E:\UnrealGithub\Week-1\Unreal_1st_Week\FirstDay\FirstDay_2\Intermediate\Build\Win64\UE4Editor\Development\FirstDay_2\UE4Editor-FirstDay_2-696.suppressed.lib
[2021.11.05-00.28.41:938][659]CompilerResultsLog: Total build time: 29.30 seconds (Parallel executor: 18.45 seconds)
[2021.11.05-00.28.41:938][659]LogMainFrame: MainFrame: Module compiling took 29.483 seconds
[2021.11.05-00.28.42:003][659]LogClass: Could not find existing class MyPawn in package /Script/FirstDay_2 for HotReload, assuming new class
[2021.11.05-00.28.42:004][659]LogContentBrowser: Native class hierarchy updated for 'FirstDay_2' in 0.0004 seconds. Added 2 classes and 2 folders.
[2021.11.05-00.28.42:005][659]Display: HotReload successful (0 functions remapped  0 scriptstructs remapped)
[2021.11.05-00.28.42:304][659]LogContentBrowser: Native class hierarchy populated in 0.0077 seconds. Added 2624 classes and 633 folders.
[2021.11.05-00.28.42:304][659]Display: HotReload took 29.8s.
[2021.11.05-00.28.42:305][659]Warning: HotReload operation took 29.8s.
[2021.11.05-00.28.42:323][659]LogSlate: Window 'C++ 클래스 추가' being destroyed
[2021.11.05-00.28.42:332][659]LogHotReload: New module detected: UE4Editor-FirstDay_2-696.dll
[2021.11.05-00.28.42:355][660]LogHotReload: Starting Hot-Reload from IDE
[2021.11.05-00.28.42:409][660]LogContentBrowser: Native class hierarchy updated for 'FirstDay_2' in 0.0004 seconds. Added 2 classes and 2 folders.
[2021.11.05-00.28.42:411][660]Display: HotReload successful (0 functions remapped  0 scriptstructs remapped)
[2021.11.05-00.28.42:446][660]LogContentBrowser: Native class hierarchy populated in 0.0080 seconds. Added 2624 classes and 633 folders.
[2021.11.05-00.28.42:450][660]Display: HotReload took  0.1s.
[2021.11.05-01.07.44:040][142]Candidate modules for hot reload:
[2021.11.05-01.07.44:040][142]  FirstDay_2
[2021.11.05-01.07.44:040][142]Launching UnrealBuildTool... [D:/UE_4.20/Engine/Binaries/DotNET/UnrealBuildTool.exe  -ModuleWithSuffix=FirstDay_2,4395 Win64 Development -TargetType=Editor -Project="E:/UnrealGithub/Week-1/Unreal_1st_Week/FirstDay/FirstDay_2/FirstDay_2.uproject" -canskiplink "E:/UnrealGithub/Week-1/Unreal_1st_Week/FirstDay/FirstDay_2/FirstDay_2.uproject" ]
[2021.11.05-01.07.44:042][142]Warning: Starting HotReload took  0.0s.
[2021.11.05-01.07.54:609][981]CompilerResultsLog: New page: 컴파일 - 2021/11/05 19:07:54
[2021.11.05-01.07.54:609][981]CompilerResultsLog: Compiling game modules for hot reload
[2021.11.05-01.07.54:609][981]CompilerResultsLog: Parsing headers for FirstDay_2Editor
[2021.11.05-01.07.54:609][981]CompilerResultsLog:   Running UnrealHeaderTool "E:\UnrealGithub\Week-1\Unreal_1st_Week\FirstDay\FirstDay_2\FirstDay_2.uproject" "E:\UnrealGithub\Week-1\Unreal_1st_Week\FirstDay\FirstDay_2\Intermediate\Build\Win64\FirstDay_2Editor\Development\FirstDay_2Editor.uhtmanifest" -LogCmds="loginit warning, logexit warning, logdatabase error" -Unattended -WarningsAsErrors -installed
[2021.11.05-01.07.54:609][981]CompilerResultsLog: Reflection code generated for FirstDay_2Editor in 7.4644958 seconds
[2021.11.05-01.07.54:609][981]CompilerResultsLog: Building 5 actions with 24 processes...
[2021.11.05-01.07.54:609][981]CompilerResultsLog:   [1/5] FirstDay_2.init.gen.cpp
[2021.11.05-01.07.54:609][981]CompilerResultsLog:   [2/5] MyPawn.cpp
[2021.11.05-01.07.54:609][981]CompilerResultsLog:   [3/5] MyPawn.gen.cpp
[2021.11.05-01.07.54:609][981]CompilerResultsLog:   [4/5] UE4Editor-FirstDay_2-4395.lib
[2021.11.05-01.07.54:609][981]CompilerResultsLog:      E:\UnrealGithub\Week-1\Unreal_1st_Week\FirstDay\FirstDay_2\Intermediate\Build\Win64\UE4Editor\Development\FirstDay_2\UE4Editor-FirstDay_2-4395.lib
[2021.11.05-01.07.54:609][981]CompilerResultsLog:   [5/5] UE4Editor-FirstDay_2-4395.dll
[2021.11.05-01.07.54:609][981]CompilerResultsLog:      E:\UnrealGithub\Week-1\Unreal_1st_Week\FirstDay\FirstDay_2\Intermediate\Build\Win64\UE4Editor\Development\FirstDay_2\UE4Editor-FirstDay_2-4395.suppressed.lib
[2021.11.05-01.07.54:609][981]CompilerResultsLog: Total build time: 9.96 seconds (Parallel executor: 1.23 seconds)
[2021.11.05-01.07.54:609][981]LogMainFrame: MainFrame: Module compiling took 10.574 seconds
[2021.11.05-01.07.54:650][981]LogClass: Could not find existing class MyPawn in package /Script/FirstDay_2 for HotReload, assuming new class
[2021.11.05-01.07.54:653][981]LogHotReload: Re-instancing MyPawn after hot-reload.
[2021.11.05-01.07.54:699][981]LogContentBrowser: Native class hierarchy updated for 'FirstDay_2' in 0.0005 seconds. Added 2 classes and 2 folders.
[2021.11.05-01.07.54:700][981]Display: HotReload successful (0 functions remapped  0 scriptstructs remapped)
[2021.11.05-01.07.54:749][981]LogContentBrowser: Native class hierarchy populated in 0.0079 seconds. Added 2624 classes and 633 folders.
[2021.11.05-01.07.54:749][981]Display: HotReload took 10.7s.
[2021.11.05-01.09.18:882][571]LogTemp: Executing iPhonePackager certificates Engine -bundlename com.YourCompany.FirstDay2
[2021.11.05-01.09.18:882][571]LogTemp: CWD: D:\UE_4.20\Engine\Binaries\DotNET\IOS
[2021.11.05-01.09.18:882][571]LogTemp: Initial Dir: D:\UE_4.20
[2021.11.05-01.09.18:882][571]LogTemp: Env CWD: D:\UE_4.20\Engine\Binaries\DotNET\IOS
[2021.11.05-01.09.18:882][571]LogTemp: BranchPath = DESKTOP-QK7E7VH/D/UE_4.20/Engine/Binaries --- GameBranchPath = DESKTOP-QK7E7VH/D/UE_4.20/Engine/Binaries
[2021.11.05-01.09.18:882][571]LogSlate: Only BGRA pngs, bmps or icos are supported in by External Image Picker
[2021.11.05-01.09.18:937][571]LogTemp: IPP ERROR: Could not find provision directory 'C:\Users\WANGJUNYOUNG\AppData\Local/Apple Computer/MobileDevice/Provisioning Profiles/'.
[2021.11.05-01.10.38:672][944]LogSlate: Window '프로젝트 세팅' being destroyed
[2021.11.05-01.10.38:676][944]LogSlate: Window '프로젝트 세팅' being destroyed
[2021.11.05-01.10.40:919][ 93]LogEditor: Attempting to add actor of class 'MyPawn' to level at -120.00,50.00,30.00
[2021.11.05-01.10.40:959][ 93]LogEditor: Attempting to add actor of class 'MyPawn' to level at -120.00,50.00,30.00
[2021.11.05-01.10.41:247][123]LogEditor: Attempting to add actor of class 'MyPawn' to level at -130.00,20.00,30.00
[2021.11.05-01.10.54:007][  6]LogSlate: FSceneViewport::OnFocusLost() reason 0
[2021.11.05-01.10.55:646][168]LogSlate: Took 0.000184 seconds to synchronously load lazily loaded font '../../../Engine/Content/Slate/Fonts/Roboto-Italic.ttf' (157K)
[2021.11.05-01.11.03:387][275]LogSlate: Prevented a slow task dialog from being summoned while a context menu was open
[2021.11.05-01.11.19:270][154]LogSlate: FSceneViewport::OnFocusLost() reason 2
[2021.11.05-01.11.44:365][358]LogVSAccessor: Warning: Couldn't goto line number '1' in 'E:/UnrealGithub/Week-1/Unreal_1st_Week/FirstDay/FirstDay_2/Source/FirstDay_2/MyPawn.h'
[2021.11.05-01.11.59:248][621]Candidate modules for hot reload:
[2021.11.05-01.11.59:248][621]  FirstDay_2
[2021.11.05-01.11.59:248][621]Launching UnrealBuildTool... [D:/UE_4.20/Engine/Binaries/DotNET/UnrealBuildTool.exe  -ModuleWithSuffix=FirstDay_2,8112 Win64 Development -TargetType=Editor -Project="E:/UnrealGithub/Week-1/Unreal_1st_Week/FirstDay/FirstDay_2/FirstDay_2.uproject" -canskiplink "E:/UnrealGithub/Week-1/Unreal_1st_Week/FirstDay/FirstDay_2/FirstDay_2.uproject" ]
[2021.11.05-01.11.59:250][621]Warning: Starting HotReload took  0.0s.
[2021.11.05-01.12.11:860][ 93]CompilerResultsLog: New page: 컴파일 - 2021/11/05 19:12:11
[2021.11.05-01.12.11:860][ 93]CompilerResultsLog: Creating makefile for hot reloading FirstDay_2Editor (ini files are newer than UBTMakefile)
[2021.11.05-01.12.11:860][ 93]CompilerResultsLog: Compiling game modules for hot reload
[2021.11.05-01.12.11:860][ 93]CompilerResultsLog: Using Visual Studio 2017 14.16.27023 toolchain (C:\Program Files (x86)\Microsoft Visual Studio\2017\Community\VC\Tools\MSVC\14.16.27023) and Windows 10.0.17763.0 SDK (C:\Program Files (x86)\Windows Kits\10).
[2021.11.05-01.12.11:860][ 93]CompilerResultsLog: D:\UE_4.20\Enterprise\Plugins\Editor\DatasmithMDLImporter\Source\DatasmithMDLImporter\DatasmithMDLImporter.Build.cs: warning: Referenced directory 'D:\UE_4.20\Enterprise\Plugins\Editor\DatasmithMDLImporter\Source\ThirdParty\NotForLicensees\AxF-Decoding-SDK-1.5.1\include' does not exist.
[2021.11.05-01.12.11:860][ 93]CompilerResultsLog: D:\UE_4.20\Enterprise\Plugins\Editor\DatasmithMDLImporter\Source\DatasmithMDLImporter\DatasmithMDLImporter.Build.cs: warning: Referenced directory 'D:\UE_4.20\Enterprise\Plugins\Editor\DatasmithMDLImporter\Source\ThirdParty\NotForLicensees\mdl-sdk-302800.547\include' does not exist.
[2021.11.05-01.12.11:860][ 93]CompilerResultsLog: Parsing headers for FirstDay_2Editor
[2021.11.05-01.12.11:860][ 93]CompilerResultsLog:   Running UnrealHeaderTool "E:\UnrealGithub\Week-1\Unreal_1st_Week\FirstDay\FirstDay_2\FirstDay_2.uproject" "E:\UnrealGithub\Week-1\Unreal_1st_Week\FirstDay\FirstDay_2\Intermediate\Build\Win64\FirstDay_2Editor\Development\FirstDay_2Editor.uhtmanifest" -LogCmds="loginit warning, logexit warning, logdatabase error" -Unattended -WarningsAsErrors -installed
[2021.11.05-01.12.11:861][ 93]CompilerResultsLog: Reflection code generated for FirstDay_2Editor in 7.4486158 seconds
[2021.11.05-01.12.11:861][ 93]CompilerResultsLog: Building 4 actions with 24 processes...
[2021.11.05-01.12.11:861][ 93]CompilerResultsLog:   [1/4] MyPawn.cpp
[2021.11.05-01.12.11:861][ 93]CompilerResultsLog:   [2/4] MyPawn.gen.cpp
[2021.11.05-01.12.11:861][ 93]CompilerResultsLog:   [3/4] UE4Editor-FirstDay_2-8112.lib
[2021.11.05-01.12.11:861][ 93]CompilerResultsLog:      E:\UnrealGithub\Week-1\Unreal_1st_Week\FirstDay\FirstDay_2\Intermediate\Build\Win64\UE4Editor\Development\FirstDay_2\UE4Editor-FirstDay_2-8112.lib
[2021.11.05-01.12.11:861][ 93]CompilerResultsLog:   [4/4] UE4Editor-FirstDay_2-8112.dll
[2021.11.05-01.12.11:861][ 93]CompilerResultsLog:      E:\UnrealGithub\Week-1\Unreal_1st_Week\FirstDay\FirstDay_2\Intermediate\Build\Win64\UE4Editor\Development\FirstDay_2\UE4Editor-FirstDay_2-8112.suppressed.lib
[2021.11.05-01.12.11:861][ 93]CompilerResultsLog: Total build time: 12.39 seconds (Parallel executor: 1.22 seconds)
[2021.11.05-01.12.11:861][ 93]LogMainFrame: MainFrame: Module compiling took 12.617 seconds
[2021.11.05-01.12.11:904][ 93]LogContentBrowser: Native class hierarchy updated for 'FirstDay_2' in 0.0004 seconds. Added 2 classes and 2 folders.
[2021.11.05-01.12.11:905][ 93]Display: HotReload successful (0 functions remapped  0 scriptstructs remapped)
[2021.11.05-01.12.11:954][ 93]LogContentBrowser: Native class hierarchy populated in 0.0081 seconds. Added 2624 classes and 633 folders.
[2021.11.05-01.12.11:954][ 93]Display: HotReload took 12.7s.
[2021.11.05-01.12.41:303][190]LogSavePackage: Moving 'E:/UnrealGithub/Week-1/Unreal_1st_Week/FirstDay/FirstDay_2/Saved/Minimal_Default_Auto1782579154C3EAC69154CAF944B426225.tmp' to 'E:/UnrealGithub/Week-1/Unreal_1st_Week/FirstDay/FirstDay_2/Saved/Autosaves/Game/StarterContent/Maps/Minimal_Default_Auto1.umap'
[2021.11.05-01.12.41:306][190]LogFileHelpers: Editor autosave (incl. sublevels) for '/Game/StarterContent/Maps/Minimal_Default' took 0.109
[2021.11.05-01.12.41:306][190]LogFileHelpers: Editor autosave (incl. sublevels) for all levels took 0.109
[2021.11.05-01.13.07:890][359]LogEditorViewport: Clicking on Actor (LMB): StaticMeshActor (Floor)
[2021.11.05-01.13.08:150][373]LogEditorViewport: Clicking on Component (LMB): StaticMeshComponent (StaticMeshComponent0)
[2021.11.05-01.13.10:360][631]LogSlate: FSceneViewport::OnFocusLost() reason 0
[2021.11.05-01.13.16:109][314]LogSlate: FSceneViewport::OnFocusLost() reason 0
[2021.11.05-01.13.35:528][617]LogSlate: FSceneViewport::OnFocusLost() reason 2
[2021.11.05-01.13.42:630][461]LogSlate: FSceneViewport::OnFocusLost() reason 2
[2021.11.05-01.13.42:735][461]LogSavePackage: Moving 'E:/UnrealGithub/Week-1/Unreal_1st_Week/FirstDay/FirstDay_2/Saved/Minimal_Default3779EFE84A3C7A2D8DBCD18284A67637.tmp' to 'E:/UnrealGithub/Week-1/Unreal_1st_Week/FirstDay/FirstDay_2/Content/StarterContent/Maps/Minimal_Default.umap'
[2021.11.05-01.13.42:784][461]LogSavePackage: Moving 'E:/UnrealGithub/Week-1/Unreal_1st_Week/FirstDay/FirstDay_2/Saved/Minimal_Default_BuiltData7D01CF5441E52A57CF69638194806333.tmp' to 'E:/UnrealGithub/Week-1/Unreal_1st_Week/FirstDay/FirstDay_2/Content/StarterContent/Maps/Minimal_Default_BuiltData.uasset'
[2021.11.05-01.27.52:425][ 75]LogSlate: FSceneViewport::OnFocusLost() reason 0
[2021.11.05-01.27.52:641][ 75]LogAssetEditorManager: Opening Asset editor for Class /Script/FirstDay_2.MyPawn
[2021.11.05-01.31.07:112][818]LogSlate: FSceneViewport::OnFocusLost() reason 0
[2021.11.05-01.31.07:213][828]Candidate modules for hot reload:
[2021.11.05-01.31.07:213][828]  FirstDay_2
[2021.11.05-01.31.07:213][828]Launching UnrealBuildTool... [D:/UE_4.20/Engine/Binaries/DotNET/UnrealBuildTool.exe  -ModuleWithSuffix=FirstDay_2,3908 Win64 Development -TargetType=Editor -Project="E:/UnrealGithub/Week-1/Unreal_1st_Week/FirstDay/FirstDay_2/FirstDay_2.uproject" -canskiplink "E:/UnrealGithub/Week-1/Unreal_1st_Week/FirstDay/FirstDay_2/FirstDay_2.uproject" ]
[2021.11.05-01.31.07:215][828]Warning: Starting HotReload took  0.0s.
[2021.11.05-01.31.20:323][399]CompilerResultsLog: New page: 컴파일 - 2021/11/05 19:31:20
[2021.11.05-01.31.20:323][399]CompilerResultsLog: Creating makefile for hot reloading FirstDay_2Editor (game project files are newer)
[2021.11.05-01.31.20:323][399]CompilerResultsLog: Compiling game modules for hot reload
[2021.11.05-01.31.20:323][399]CompilerResultsLog: Using Visual Studio 2017 14.16.27023 toolchain (C:\Program Files (x86)\Microsoft Visual Studio\2017\Community\VC\Tools\MSVC\14.16.27023) and Windows 10.0.17763.0 SDK (C:\Program Files (x86)\Windows Kits\10).
[2021.11.05-01.31.20:323][399]CompilerResultsLog: D:\UE_4.20\Enterprise\Plugins\Editor\DatasmithMDLImporter\Source\DatasmithMDLImporter\DatasmithMDLImporter.Build.cs: warning: Referenced directory 'D:\UE_4.20\Enterprise\Plugins\Editor\DatasmithMDLImporter\Source\ThirdParty\NotForLicensees\AxF-Decoding-SDK-1.5.1\include' does not exist.
[2021.11.05-01.31.20:323][399]CompilerResultsLog: D:\UE_4.20\Enterprise\Plugins\Editor\DatasmithMDLImporter\Source\DatasmithMDLImporter\DatasmithMDLImporter.Build.cs: warning: Referenced directory 'D:\UE_4.20\Enterprise\Plugins\Editor\DatasmithMDLImporter\Source\ThirdParty\NotForLicensees\mdl-sdk-302800.547\include' does not exist.
[2021.11.05-01.31.20:323][399]CompilerResultsLog: Parsing headers for FirstDay_2Editor
[2021.11.05-01.31.20:323][399]CompilerResultsLog:   Running UnrealHeaderTool "E:\UnrealGithub\Week-1\Unreal_1st_Week\FirstDay\FirstDay_2\FirstDay_2.uproject" "E:\UnrealGithub\Week-1\Unreal_1st_Week\FirstDay\FirstDay_2\Intermediate\Build\Win64\FirstDay_2Editor\Development\FirstDay_2Editor.uhtmanifest" -LogCmds="loginit warning, logexit warning, logdatabase error" -Unattended -WarningsAsErrors -installed
[2021.11.05-01.31.20:324][399]CompilerResultsLog: Reflection code generated for FirstDay_2Editor in 7.9269762 seconds
[2021.11.05-01.31.20:324][399]CompilerResultsLog: Building 4 actions with 24 processes...
[2021.11.05-01.31.20:324][399]CompilerResultsLog:   [1/4] MyPawn.gen.cpp
[2021.11.05-01.31.20:324][399]CompilerResultsLog:   [2/4] MyPawn.cpp
[2021.11.05-01.31.20:324][399]CompilerResultsLog:   [3/4] UE4Editor-FirstDay_2-3908.lib
[2021.11.05-01.31.20:324][399]CompilerResultsLog:      E:\UnrealGithub\Week-1\Unreal_1st_Week\FirstDay\FirstDay_2\Intermediate\Build\Win64\UE4Editor\Development\FirstDay_2\UE4Editor-FirstDay_2-3908.lib
[2021.11.05-01.31.20:324][399]CompilerResultsLog:   [4/4] UE4Editor-FirstDay_2-3908.dll
[2021.11.05-01.31.20:324][399]CompilerResultsLog:      E:\UnrealGithub\Week-1\Unreal_1st_Week\FirstDay\FirstDay_2\Intermediate\Build\Win64\UE4Editor\Development\FirstDay_2\UE4Editor-FirstDay_2-3908.suppressed.lib
[2021.11.05-01.31.20:324][399]CompilerResultsLog: Total build time: 12.64 seconds (Parallel executor: 1.29 seconds)
[2021.11.05-01.31.20:324][399]LogMainFrame: MainFrame: Module compiling took 13.115 seconds
[2021.11.05-01.31.20:364][399]LogClass: Could not find existing class MyPawn in package /Script/FirstDay_2 for HotReload, assuming new class
[2021.11.05-01.31.20:367][399]LogHotReload: Re-instancing MyPawn after hot-reload.
[2021.11.05-01.31.20:447][399]LogContentBrowser: Native class hierarchy updated for 'FirstDay_2' in 0.0005 seconds. Added 2 classes and 2 folders.
[2021.11.05-01.31.20:449][399]Display: HotReload successful (0 functions remapped  0 scriptstructs remapped)
[2021.11.05-01.31.20:498][399]LogContentBrowser: Native class hierarchy populated in 0.0080 seconds. Added 2624 classes and 633 folders.
[2021.11.05-01.31.20:498][399]Display: HotReload took 13.3s.
[2021.11.05-01.36.27:295][574]Candidate modules for hot reload:
[2021.11.05-01.36.27:295][574]  FirstDay_2
[2021.11.05-01.36.27:296][574]Launching UnrealBuildTool... [D:/UE_4.20/Engine/Binaries/DotNET/UnrealBuildTool.exe  -ModuleWithSuffix=FirstDay_2,1275 Win64 Development -TargetType=Editor -Project="E:/UnrealGithub/Week-1/Unreal_1st_Week/FirstDay/FirstDay_2/FirstDay_2.uproject" -canskiplink "E:/UnrealGithub/Week-1/Unreal_1st_Week/FirstDay/FirstDay_2/FirstDay_2.uproject" ]
[2021.11.05-01.36.27:297][574]Warning: Starting HotReload took  0.0s.
[2021.11.05-01.36.30:183][642]CompilerResultsLog: New page: 컴파일 - 2021/11/05 19:36:30
[2021.11.05-01.36.30:183][642]CompilerResultsLog: Compiling game modules for hot reload
[2021.11.05-01.36.30:183][642]CompilerResultsLog: Building 3 actions with 24 processes...
[2021.11.05-01.36.30:183][642]CompilerResultsLog:   [1/3] MyPawn.cpp
[2021.11.05-01.36.30:183][642]CompilerResultsLog:   [2/3] UE4Editor-FirstDay_2-1275.lib
[2021.11.05-01.36.30:183][642]CompilerResultsLog:      E:\UnrealGithub\Week-1\Unreal_1st_Week\FirstDay\FirstDay_2\Intermediate\Build\Win64\UE4Editor\Development\FirstDay_2\UE4Editor-FirstDay_2-1275.lib
[2021.11.05-01.36.30:183][642]CompilerResultsLog:   [3/3] UE4Editor-FirstDay_2-1275.dll
[2021.11.05-01.36.30:183][642]CompilerResultsLog:      E:\UnrealGithub\Week-1\Unreal_1st_Week\FirstDay\FirstDay_2\Intermediate\Build\Win64\UE4Editor\Development\FirstDay_2\UE4Editor-FirstDay_2-1275.suppressed.lib
[2021.11.05-01.36.30:183][642]CompilerResultsLog: Total build time: 2.60 seconds (Parallel executor: 1.27 seconds)
[2021.11.05-01.36.30:183][642]LogMainFrame: MainFrame: Module compiling took 2.892 seconds
[2021.11.05-01.36.30:227][642]LogContentBrowser: Native class hierarchy updated for 'FirstDay_2' in 0.0005 seconds. Added 2 classes and 2 folders.
[2021.11.05-01.36.30:230][642]Display: HotReload successful (0 functions remapped  0 scriptstructs remapped)
[2021.11.05-01.36.30:281][642]LogContentBrowser: Native class hierarchy populated in 0.0082 seconds. Added 2624 classes and 633 folders.
[2021.11.05-01.36.30:281][642]Display: HotReload took  3.0s.
[2021.11.05-01.36.35:419][683]LogTemp: Repeating last play command: 선택된 뷰포트
[2021.11.05-01.36.35:426][683]LogBlueprintUserMessages: Early PlayInEditor Detection: Level '/Game/StarterContent/Maps/Minimal_Default.Minimal_Default:PersistentLevel' has LevelScriptBlueprint '/Game/StarterContent/Maps/Minimal_Default.Minimal_Default:PersistentLevel.Minimal_Default' with GeneratedClass '/Game/StarterContent/Maps/Minimal_Default.Minimal_Default_C' with ClassGeneratedBy '/Game/StarterContent/Maps/Minimal_Default.Minimal_Default:PersistentLevel.Minimal_Default'
[2021.11.05-01.36.35:426][683]LogPlayLevel: PlayLevel: No blueprints needed recompiling
[2021.11.05-01.36.35:439][683]PIE: New page: PIE 세션: Minimal_Default (2021/11/05 19:36:35)
[2021.11.05-01.36.35:439][683]LogPlayLevel: Creating play world package: /Game/StarterContent/Maps/UEDPIE_0_Minimal_Default
[2021.11.05-01.36.35:441][683]LogPlayLevel: PIE: StaticDuplicateObject took: (0.002558s)
[2021.11.05-01.36.35:442][683]LogAIModule: Creating AISystem for world Minimal_Default
[2021.11.05-01.36.35:442][683]LogPlayLevel: PIE: World Init took: (0.000631s)
[2021.11.05-01.36.35:442][683]LogPlayLevel: PIE: Created PIE world by copying editor world from /Game/StarterContent/Maps/Minimal_Default.Minimal_Default to /Game/StarterContent/Maps/UEDPIE_0_Minimal_Default.Minimal_Default (0.003285s)
[2021.11.05-01.36.35:522][683]LogInit: XAudio2 using '스피커(High Definition Audio Device)' : 2 channels at 48 kHz using 16 bits per sample (channel mask 0x3)
[2021.11.05-01.36.35:532][683]LogInit: FAudioDevice initialized.
[2021.11.05-01.36.35:571][683]LogUObjectGlobals: Warning: 'Class /Script/FirstDay_2.FirstDay_2GameMode' 오브젝트를 찾는 데 실패했습니다.
[2021.11.05-01.36.35:571][683]LogLoad: Game class is 'GameModeBase'
[2021.11.05-01.36.35:572][683]LogWorld: Bringing World /Game/StarterContent/Maps/UEDPIE_0_Minimal_Default.Minimal_Default up for play (max tick rate 0) at 2021.11.05-10.36.35
[2021.11.05-01.36.35:572][683]LogWorld: Bringing up level for play took: 0.000675
[2021.11.05-01.36.35:598][683]LogContentBrowser: Native class hierarchy updated for 'MovieSceneCapture' in 0.0003 seconds. Added 10 classes and 0 folders.
[2021.11.05-01.36.35:598][683]PIE: /Game/StarterContent/Maps/UEDPIE_0_Minimal_Default 에 대한 에디터에서 플레이 시작 시간: -0.507
[2021.11.05-01.36.35:599][683]LogBlueprintUserMessages: Late PlayInEditor Detection: Level '/Game/StarterContent/Maps/Minimal_Default.Minimal_Default:PersistentLevel' has LevelScriptBlueprint '/Game/StarterContent/Maps/Minimal_Default.Minimal_Default:PersistentLevel.Minimal_Default' with GeneratedClass '/Game/StarterContent/Maps/Minimal_Default.Minimal_Default_C' with ClassGeneratedBy '/Game/StarterContent/Maps/Minimal_Default.Minimal_Default:PersistentLevel.Minimal_Default'
[2021.11.05-01.36.36:336][683]LogWindows: Error: === Critical error: ===
[2021.11.05-01.36.36:336][683]LogWindows: Error: 
[2021.11.05-01.36.36:336][683]LogWindows: Error: Fatal error!
[2021.11.05-01.36.36:336][683]LogWindows: Error: 
[2021.11.05-01.36.36:336][683]LogWindows: Error: Unhandled Exception: EXCEPTION_ACCESS_VIOLATION reading address 0x000001c0
[2021.11.05-01.36.36:336][683]LogWindows: Error: 
[2021.11.05-01.36.36:336][683]LogWindows: Error: [Callstack] 0x00007ffcb2bb34f5 UE4Editor-FirstDay_2-1275.dll!AMyPawn::Tick() [e:\unrealgithub\week-1\unreal_1st_week\firstday\firstday_2\source\firstday_2\mypawn.cpp:39]
[2021.11.05-01.36.36:336][683]LogWindows: Error: [Callstack] 0x00007ffcc3f5730c UE4Editor-Engine.dll!UnknownFunction []
[2021.11.05-01.36.36:336][683]LogWindows: Error: [Callstack] 0x00007ffcc3f15630 UE4Editor-Engine.dll!UnknownFunction []
[2021.11.05-01.36.36:336][683]LogWindows: Error: [Callstack] 0x00007ffcc51116bd UE4Editor-Engine.dll!UnknownFunction []
[2021.11.05-01.36.36:336][683]LogWindows: Error: [Callstack] 0x00007ffcd51f1f92 UE4Editor-Core.dll!UnknownFunction []
[2021.11.05-01.36.36:336][683]LogWindows: Error: [Callstack] 0x00007ffcd51f2456 UE4Editor-Core.dll!UnknownFunction []
[2021.11.05-01.36.36:336][683]LogWindows: Error: [Callstack] 0x00007ffcd5206d25 UE4Editor-Core.dll!UnknownFunction []
[2021.11.05-01.36.36:336][683]LogWindows: Error: [Callstack] 0x00007ffcc5165b04 UE4Editor-Engine.dll!UnknownFunction []
[2021.11.05-01.36.36:336][683]LogWindows: Error: [Callstack] 0x00007ffcc5174d92 UE4Editor-Engine.dll!UnknownFunction []
[2021.11.05-01.36.36:336][683]LogWindows: Error: [Callstack] 0x00007ffcc48787e4 UE4Editor-Engine.dll!UnknownFunction []
[2021.11.05-01.36.36:336][683]LogWindows: Error: [Callstack] 0x00007ffcc4884003 UE4Editor-Engine.dll!UnknownFunction []
[2021.11.05-01.36.36:336][683]LogWindows: Error: [Callstack] 0x00007ffcc77c7335 UE4Editor-UnrealEd.dll!UnknownFunction []
[2021.11.05-01.36.36:336][683]LogWindows: Error: [Callstack] 0x00007ffcc80bf666 UE4Editor-UnrealEd.dll!UnknownFunction []
[2021.11.05-01.36.36:336][683]LogWindows: Error: [Callstack] 0x00007ff6ba1d5cbd UE4Editor.exe!UnknownFunction []
[2021.11.05-01.36.36:336][683]LogWindows: Error: [Callstack] 0x00007ff6ba1e5b3c UE4Editor.exe!UnknownFunction []
[2021.11.05-01.36.36:336][683]LogWindows: Error: [Callstack] 0x00007ff6ba1e5bba UE4Editor.exe!UnknownFunction []
[2021.11.05-01.36.36:336][683]LogWindows: Error: [Callstack] 0x00007ff6ba1f3dac UE4Editor.exe!UnknownFunction []
[2021.11.05-01.36.36:337][683]LogWindows: Error: [Callstack] 0x00007ff6ba1f5aaa UE4Editor.exe!UnknownFunction []
[2021.11.05-01.36.36:337][683]LogWindows: Error: [Callstack] 0x00007ffd37387034 KERNEL32.DLL!UnknownFunction []
[2021.11.05-01.36.36:337][683]LogWindows: Error: [Callstack] 0x00007ffd374c2651 ntdll.dll!UnknownFunction []
[2021.11.05-01.36.36:337][683]LogWindows: Error: 
[2021.11.05-01.36.36:343][683]LogExit: Executing StaticShutdownAfterError
[2021.11.05-01.36.36:345][683]LogWindows: FPlatformMisc::RequestExit(1)
[2021.11.05-01.36.36:349][683]Log file closed, 11/05/21 10:36:36
