Log file open, 11/05/21 08:43:12
LogWindows: Failed to load 'aqProf.dll' (GetLastError=126)
LogWindows: File 'aqProf.dll' does not exist
LogWindows: Failed to load 'VSPerf140.dll' (GetLastError=126)
LogWindows: File 'VSPerf140.dll' does not exist
LogWindows: Failed to load 'VtuneApi.dll' (GetLastError=126)
LogWindows: File 'VtuneApi.dll' does not exist
LogWindows: Failed to load 'VtuneApi32e.dll' (GetLastError=126)
LogWindows: File 'VtuneApi32e.dll' does not exist
LogInit: Display: Running engine for game: FirstDay
LogPlatformFile: Not using cached read wrapper
LogTaskGraph: Started task graph with 5 named threads and 71 total threads with 3 sets of task threads.
LogStats: Stats thread started at 1.135049
LogD3D11RHI: Loaded GFSDK_Aftermath_Lib.x64.dll
LogICUInternationalization: Display: ICU TimeZone Detection - Raw Offset: +9:00, Platform Override: ''
LogPluginManager: Mounting plugin Paper2D
LogPluginManager: Mounting plugin AISupport
LogPluginManager: Mounting plugin LightPropagationVolume
LogPluginManager: Mounting plugin CLionSourceCodeAccess
LogPluginManager: Mounting plugin CodeLiteSourceCodeAccess
LogPluginManager: Mounting plugin GitSourceControl
LogPluginManager: Mounting plugin KDevelopSourceCodeAccess
LogPluginManager: Mounting plugin NullSourceCodeAccess
LogPluginManager: Mounting plugin PerforceSourceControl
LogPluginManager: Mounting plugin SubversionSourceControl
LogPluginManager: Mounting plugin UObjectPlugin
LogPluginManager: Mounting plugin VisualStudioCodeSourceCodeAccess
LogPluginManager: Mounting plugin VisualStudioSourceCodeAccess
LogPluginManager: Mounting plugin XCodeSourceCodeAccess
LogPluginManager: Mounting plugin AssetManagerEditor
LogPluginManager: Mounting plugin CryptoKeys
LogPluginManager: Mounting plugin DataValidation
LogPluginManager: Mounting plugin EditorScriptingUtilities
LogPluginManager: Mounting plugin FacialAnimation
LogPluginManager: Mounting plugin GameplayTagsEditor
LogPluginManager: Mounting plugin MacGraphicsSwitching
LogPluginManager: Mounting plugin MeshEditor
LogPluginManager: Mounting plugin MobileLauncherProfileWizard
LogPluginManager: Mounting plugin PluginBrowser
LogPluginManager: Mounting plugin SpeedTreeImporter
LogPluginManager: Mounting plugin DatasmithContent
LogPluginManager: Mounting plugin AlembicImporter
LogPluginManager: Mounting plugin AppleImageUtils
LogPluginManager: Mounting plugin AppleVision
LogPluginManager: Mounting plugin BackChannel
LogPluginManager: Mounting plugin CharacterAI
LogPluginManager: Mounting plugin GeometryCache
LogPluginManager: Mounting plugin HTML5Networking
LogPluginManager: Mounting plugin ProxyLODPlugin
LogPluginManager: Mounting plugin MagicLeap
LogPluginManager: Mounting plugin MagicLeapEmulator
LogPluginManager: Mounting plugin MagicLeapMedia
LogPluginManager: Mounting plugin AndroidMedia
LogPluginManager: Mounting plugin AvfMedia
LogPluginManager: Mounting plugin ImgMedia
LogPluginManager: Mounting plugin LinearTimecode
LogPluginManager: Mounting plugin MediaCompositing
LogPluginManager: Mounting plugin MediaPlayerEditor
LogPluginManager: Mounting plugin WmfMedia
LogPluginManager: Mounting plugin TcpMessaging
LogPluginManager: Mounting plugin UdpMessaging
LogPluginManager: Mounting plugin ActorSequence
LogPluginManager: Mounting plugin LevelSequenceEditor
LogPluginManager: Mounting plugin MatineeToLevelSequence
LogPluginManager: Mounting plugin NetcodeUnitTest
LogPluginManager: Mounting plugin NUTUnrealEngine4
LogPluginManager: Mounting plugin OnlineSubsystemGooglePlay
LogPluginManager: Mounting plugin OnlineSubsystemIOS
LogPluginManager: Mounting plugin OnlineSubsystem
LogPluginManager: Mounting plugin OnlineSubsystemNull
LogPluginManager: Mounting plugin OnlineSubsystemUtils
LogPluginManager: Mounting plugin LauncherChunkInstaller
LogPluginManager: Mounting plugin AndroidDeviceProfileSelector
LogPluginManager: Mounting plugin AndroidMoviePlayer
LogPluginManager: Mounting plugin AndroidPermission
LogPluginManager: Mounting plugin AppleMoviePlayer
LogPluginManager: Mounting plugin ArchVisCharacter
LogPluginManager: Mounting plugin AudioCapture
LogPluginManager: Mounting plugin CableComponent
LogPluginManager: Mounting plugin CustomMeshComponent
LogPluginManager: Mounting plugin EditableMesh
LogPluginManager: Mounting plugin ExampleDeviceProfileSelector
LogPluginManager: Mounting plugin GoogleCloudMessaging
LogPluginManager: Mounting plugin ImmediatePhysics
LogPluginManager: Mounting plugin IOSDeviceProfileSelector
LogPluginManager: Mounting plugin LinuxDeviceProfileSelector
LogPluginManager: Mounting plugin LocationServicesBPLibrary
LogPluginManager: Mounting plugin MobilePatchingUtils
LogPluginManager: Mounting plugin OculusVR
LogPluginManager: Plugin shader directory ../../../Engine/Plugins/Runtime/Oculus/OculusVR/Shaders found
LogPluginManager: Mapping shader source directory ../../../Engine/Plugins/Runtime/Oculus/OculusVR/Shaders to virtual directory /Plugin/OculusVR
LogPluginManager: Mounting plugin PhysXVehicles
LogPluginManager: Mounting plugin ProceduralMeshComponent
LogPluginManager: Mounting plugin RuntimePhysXCooking
LogPluginManager: Mounting plugin SteamVR
LogPluginManager: Mounting plugin WindowsMoviePlayer
LogPluginManager: Mounting plugin DatasmithCADImporter
LogPluginManager: Mounting plugin DatasmithFBXImporter
LogPluginManager: Mounting plugin DatasmithImporter
LogPluginManager: Mounting plugin DatasmithMDLImporter
LogPluginManager: Mounting plugin StaticMeshEditorExtension
LogStreaming: Display: Took  0.144s to configure plugins.
LogInit: Using libcurl 7.55.1-DEV
LogInit:  - built for x86_64-pc-win32
LogInit:  - supports SSL with OpenSSL/1.0.2h
LogInit:  - supports HTTP deflate (compression) using libz 1.2.8
LogInit:  - other features:
LogInit:      CURL_VERSION_SSL
LogInit:      CURL_VERSION_LIBZ
LogInit:      CURL_VERSION_IPV6
LogInit:      CURL_VERSION_ASYNCHDNS
LogInit:      CURL_VERSION_LARGEFILE
LogInit:      CURL_VERSION_IDN
LogInit:  CurlRequestOptions (configurable via config and command line):
LogInit:  - bVerifyPeer = false  - Libcurl will NOT verify peer certificate
LogInit:  - bUseHttpProxy = false  - Libcurl will NOT use HTTP proxy
LogInit:  - bDontReuseConnections = false  - Libcurl will reuse connections
LogInit:  - CertBundlePath = nullptr  - Libcurl will use whatever was configured at build time.
LogInit:  - MaxHostConnections = 16  - Libcurl will limit the number of connections to a host
LogInit:  - LocalHostAddr = Default
LogInit:  - BufferSize = 65536
LogInit: WinSock: version 1.1 (2.2), MaxSocks=32767, MaxUdp=65467
LogHMD: Failed initializing OVRPlugin 1.25.0
LogInit: Build: ++UE4+Release-4.20-CL-4369336
LogInit: Engine Version: 4.20.3-4369336+++UE4+Release-4.20
LogInit: Compatible Engine Version: 4.20.0-4212847+++UE4+Release-4.20
LogInit: Net CL: 4212847
LogInit: OS: Windows 10 (), CPU: AMD Ryzen 9 3900X 12-Core Processor            , GPU: NVIDIA GeForce RTX 2060 SUPER
LogInit: Compiled (64-bit): Sep 17 2018 12:26:19
LogInit: Compiled with Visual C++: 19.13.26129.00
LogInit: Build Configuration: Development
LogInit: Branch Name: ++UE4+Release-4.20
LogInit: Command Line: 
LogInit: Base Directory: D:/UE_4.20/Engine/Binaries/Win64/
LogInit: Installed Engine Build: 1
LogDevObjectVersion: Number of dev versions registered: 20
LogDevObjectVersion:   Dev-Blueprints (B0D832E4-1F89-4F0D-ACCF-7EB736FD4AA2): 10
LogDevObjectVersion:   Dev-Build (E1C64328-A22C-4D53-A36C-8E866417BD8C): 0
LogDevObjectVersion:   Dev-Core (375EC13C-06E4-48FB-B500-84F0262A717E): 2
LogDevObjectVersion:   Dev-Editor (E4B068ED-F494-42E9-A231-DA0B2E46BB41): 24
LogDevObjectVersion:   Dev-Framework (CFFC743F-43B0-4480-9391-14DF171D2073): 34
LogDevObjectVersion:   Dev-Mobile (B02B49B5-BB20-44E9-A304-32B752E40360): 2
LogDevObjectVersion:   Dev-Networking (A4E4105C-59A1-49B5-A7C5-40C4547EDFEE): 0
LogDevObjectVersion:   Dev-Online (39C831C9-5AE6-47DC-9A44-9C173E1C8E7C): 0
LogDevObjectVersion:   Dev-Physics (78F01B33-EBEA-4F98-B9B4-84EACCB95AA2): 0
LogDevObjectVersion:   Dev-Platform (6631380F-2D4D-43E0-8009-CF276956A95A): 0
LogDevObjectVersion:   Dev-Rendering (12F88B9F-8875-4AFC-A67C-D90C383ABD29): 26
LogDevObjectVersion:   Dev-Sequencer (7B5AE74C-D270-4C10-A958-57980B212A5A): 9
LogDevObjectVersion:   Dev-VR (D7296918-1DD6-4BDD-9DE2-64A83CC13884): 2
LogDevObjectVersion:   Dev-LoadTimes (C2A15278-BFE7-4AFE-6C17-90FF531DF755): 1
LogDevObjectVersion:   Private-Geometry (6EACA3D4-40EC-4CC1-B786-8BED09428FC5): 3
LogDevObjectVersion:   Dev-AnimPhys (29E575DD-E0A3-4627-9D10-D276232CDCEA): 17
LogDevObjectVersion:   Dev-ReflectionCapture (6B266CEC-1EC7-4B8F-A30B-E4D90942FC07): 1
LogDevObjectVersion:   Dev-Automation (0DF73D61-A23F-47EA-B727-89E90C41499A): 1
LogDevObjectVersion:   FortniteMain (601D1886-AC64-4F84-AA16-D3DE0DEAC7D6): 12
LogDevObjectVersion:   Dev-Enterprise (9DFFBCD6-494F-0158-E221-12823C92A888): 1
LogStreaming: Display: Took  0.000s to delete old logs.
LogInit: Presizing for max 8388607 objects, including 0 objects not considered by GC, pre-allocating 0 bytes for permanent pool.
LogInit: Object subsystem initialized
[2021.11.04-23.43.12:864][  0]LogInit: Selected Device Profile: [Windows]
[2021.11.04-23.43.12:864][  0]LogInit: Applying CVar settings loaded from the selected device profile: [Windows]
[2021.11.04-23.43.12:871][  0]LogHAL: Display: Platform has ~ 32 GB [34269368320 / 34359738368 / 32], which maps to Largest [LargestMinGB=32, LargerMinGB=12, DefaultMinGB=8, SmallerMinGB=6, SmallestMinGB=0)
[2021.11.04-23.43.12:871][  0]LogInit: Setting Device Profile CVar: [[r.Vulkan.UseRealUBs:1]]
[2021.11.04-23.43.12:871][  0]LogInit: Going up to parent DeviceProfile []
[2021.11.04-23.43.12:872][  0]LogInit: Computer: DESKTOP-QK7E7VH
[2021.11.04-23.43.12:872][  0]LogInit: User: Wangjunyoung
[2021.11.04-23.43.12:872][  0]LogInit: CPU Page size=4096, Cores=12
[2021.11.04-23.43.12:872][  0]LogInit: High frequency timer resolution =10.000000 MHz
[2021.11.04-23.43.12:872][  0]LogMemory: Memory total: Physical=31.9GB (32GB approx)
[2021.11.04-23.43.12:872][  0]LogMemory: Platform Memory Stats for Windows
[2021.11.04-23.43.12:872][  0]LogMemory: Process Physical Memory: 106.77 MB used, 106.78 MB peak
[2021.11.04-23.43.12:872][  0]LogMemory: Process Virtual Memory: 98.52 MB used, 98.52 MB peak
[2021.11.04-23.43.12:872][  0]LogMemory: Physical Memory: 7437.44 MB used,  25244.38 MB free, 32681.82 MB total
[2021.11.04-23.43.12:872][  0]LogMemory: Virtual Memory: 4724.45 MB used,  25244.38 MB free, 134217728.00 MB total
[2021.11.04-23.43.12:903][  0]LogInit: Using OS detected language (ko-KR).
[2021.11.04-23.43.12:903][  0]LogInit: Using OS detected locale (ja-JP).
[2021.11.04-23.43.12:904][  0]LogTextLocalizationManager: No specific localization for 'ko-KR' exists, so the 'ko' localization will be used.
[2021.11.04-23.43.13:194][  0]LogStreaming: Display: Took  0.291s to InitEngineTextLocalization.
[2021.11.04-23.43.13:194][  0]LogInit: Setting process to per monitor DPI aware
[2021.11.04-23.43.13:228][  0]LogSlate: New Slate User Created.  User Index 0, Is Virtual User: 0
[2021.11.04-23.43.13:228][  0]LogSlate: Slate User Registered.  User Index 0, Is Virtual User: 0
[2021.11.04-23.43.13:397][  0]LogHMD: Failed to initialize OpenVR with code 108
[2021.11.04-23.43.13:397][  0]LogD3D11RHI: D3D11 adapters:
[2021.11.04-23.43.13:463][  0]LogD3D11RHI:    0. 'NVIDIA GeForce RTX 2060 SUPER' (Feature Level 11_0)
[2021.11.04-23.43.13:464][  0]LogD3D11RHI:       8031/0/16340 MB DedicatedVideo/DedicatedSystem/SharedSystem, Outputs:2, VendorId:0x10de
[2021.11.04-23.43.13:465][  0]LogD3D11RHI:    1. 'Microsoft Basic Render Driver' (Feature Level 11_0)
[2021.11.04-23.43.13:465][  0]LogD3D11RHI:       0/0/16340 MB DedicatedVideo/DedicatedSystem/SharedSystem, Outputs:0, VendorId:0x1414
[2021.11.04-23.43.13:465][  0]LogD3D11RHI: Chosen D3D11 Adapter: 0
[2021.11.04-23.43.13:471][  0]LogD3D11RHI: Creating new Direct3DDevice
[2021.11.04-23.43.13:471][  0]LogD3D11RHI:     GPU DeviceId: 0x1f06 (for the marketing name, search the web for "GPU Device Id")
[2021.11.04-23.43.13:471][  0]LogWindows: EnumDisplayDevices:
[2021.11.04-23.43.13:472][  0]LogWindows:    0. 'NVIDIA GeForce RTX 2060 SUPER' (P:1 D:1)
[2021.11.04-23.43.13:472][  0]LogWindows:    1. 'NVIDIA GeForce RTX 2060 SUPER' (P:0 D:1)
[2021.11.04-23.43.13:472][  0]LogWindows:    2. 'NVIDIA GeForce RTX 2060 SUPER' (P:0 D:0)
[2021.11.04-23.43.13:472][  0]LogWindows:    3. 'NVIDIA GeForce RTX 2060 SUPER' (P:0 D:0)
[2021.11.04-23.43.13:472][  0]LogWindows: DebugString: FoundDriverCount:4 
[2021.11.04-23.43.13:472][  0]LogD3D11RHI:     Adapter Name: NVIDIA GeForce RTX 2060 SUPER
[2021.11.04-23.43.13:472][  0]LogD3D11RHI:   Driver Version: 456.71 (internal:27.21.14.5671, unified:456.71)
[2021.11.04-23.43.13:473][  0]LogD3D11RHI:      Driver Date: 9-30-2020
[2021.11.04-23.43.13:473][  0]LogRHI: Texture pool is 5621 MB (70% of 8031 MB)
[2021.11.04-23.43.13:522][  0]LogD3D11RHI: Async texture creation enabled
[2021.11.04-23.43.13:537][  0]LogD3D11RHI: GPU Timing Frequency: 1000.000000 (Debug: 2 1)
[2021.11.04-23.43.13:540][  0]LogShaderCompilers: Guid format shader working directory is 5 characters bigger than the processId version (E:/UnrealGithub/Week-1/Unreal_1st_Week/FirstDay/Intermediate/Shaders/WorkingDirectory/23740/).
[2021.11.04-23.43.13:540][  0]LogShaderCompilers: Cleaned the shader compiler working directory 'C:/Users/WANGJUNYOUNG/AppData/Local/Temp/UnrealShaderWorkingDir/AE6286A44CC8E3910D60049728A29170/'.
[2021.11.04-23.43.13:727][  0]LogTemp: Display: Loaded TP AllDesktopTargetPlatform
[2021.11.04-23.43.13:738][  0]LogTemp: Display: Loaded TP MacClientTargetPlatform
[2021.11.04-23.43.13:749][  0]LogTemp: Display: Loaded TP MacNoEditorTargetPlatform
[2021.11.04-23.43.13:760][  0]LogTemp: Display: Loaded TP MacServerTargetPlatform
[2021.11.04-23.43.13:771][  0]LogTemp: Display: Loaded TP MacTargetPlatform
[2021.11.04-23.43.13:782][  0]LogTemp: Display: Loaded TP WindowsClientTargetPlatform
[2021.11.04-23.43.13:794][  0]LogTemp: Display: Loaded TP WindowsNoEditorTargetPlatform
[2021.11.04-23.43.13:807][  0]LogTemp: Display: Loaded TP WindowsServerTargetPlatform
[2021.11.04-23.43.13:812][  0]LogTemp: Display: Loaded TP WindowsTargetPlatform
[2021.11.04-23.43.13:875][  0]LogTemp: Display: Loaded TP AndroidTargetPlatform
[2021.11.04-23.43.13:875][  0]LogTemp: Display: Loaded TP AndroidTargetPlatform
[2021.11.04-23.43.13:875][  0]LogTemp: Display: Loaded TP AndroidTargetPlatform
[2021.11.04-23.43.13:875][  0]LogTemp: Display: Loaded TP AndroidTargetPlatform
[2021.11.04-23.43.13:875][  0]LogTemp: Display: Loaded TP AndroidTargetPlatform
[2021.11.04-23.43.13:875][  0]LogTemp: Display: Loaded TP AndroidTargetPlatform
[2021.11.04-23.43.13:875][  0]LogTemp: Display: Loaded TP AndroidTargetPlatform
[2021.11.04-23.43.13:875][  0]LogTemp: Display: Loaded TP AndroidTargetPlatform
[2021.11.04-23.43.13:875][  0]LogTemp: Display: Loaded TP AndroidTargetPlatform
[2021.11.04-23.43.13:875][  0]LogTemp: Display: Loaded TP AndroidTargetPlatform
[2021.11.04-23.43.13:875][  0]LogTemp: Display: Loaded TP AndroidTargetPlatform
[2021.11.04-23.43.13:875][  0]LogTemp: Display: Loaded TP AndroidTargetPlatform
[2021.11.04-23.43.13:875][  0]LogTemp: Display: Loaded TP AndroidTargetPlatform
[2021.11.04-23.43.13:875][  0]LogTemp: Display: Loaded TP AndroidTargetPlatform
[2021.11.04-23.43.13:875][  0]LogTemp: Display: Loaded TP AndroidTargetPlatform
[2021.11.04-23.43.13:875][  0]LogTemp: Display: Loaded TP AndroidTargetPlatform
[2021.11.04-23.43.13:875][  0]LogTemp: Display: Loaded TP AndroidTargetPlatform
[2021.11.04-23.43.13:875][  0]LogTemp: Display: Loaded TP AndroidTargetPlatform
[2021.11.04-23.43.13:876][  0]LogTemp: Display: Loaded TP HTML5TargetPlatform
[2021.11.04-23.43.13:931][  0]LogTemp: Display: Loaded TP IOSTargetPlatform
[2021.11.04-23.43.13:931][  0]LogTemp: Display: Loaded TP IOSTargetPlatform
[2021.11.04-23.43.13:950][  0]LogTemp: Display: Loaded TP TVOSTargetPlatform
[2021.11.04-23.43.13:950][  0]LogTemp: Display: Loaded TP TVOSTargetPlatform
[2021.11.04-23.43.13:960][  0]LogTemp: Display: Loaded TP LinuxClientTargetPlatform
[2021.11.04-23.43.13:970][  0]LogTemp: Display: Loaded TP LinuxNoEditorTargetPlatform
[2021.11.04-23.43.13:980][  0]LogTemp: Display: Loaded TP LinuxServerTargetPlatform
[2021.11.04-23.43.13:991][  0]LogTemp: Display: Loaded TP LinuxTargetPlatform
[2021.11.04-23.43.13:998][  0]LogTemp: Display: Loaded TP LuminTargetPlatform
[2021.11.04-23.43.13:998][  0]LogTargetPlatformManager: Display: Building Assets For Windows
[2021.11.04-23.43.14:040][  0]LogXGEController: Cannot use XGE Controller as Incredibuild is not installed on this machine.
[2021.11.04-23.43.14:040][  0]LogShaderCompilers: Cannot use XGE Shader Compiler as Incredibuild is not installed on this machine.
[2021.11.04-23.43.14:040][  0]LogShaderCompilers: Display: Using Local Shader Compiler.
[2021.11.04-23.43.14:596][  0]LogDerivedDataCache: Display: Max Cache Size: 512 MB
[2021.11.04-23.43.14:634][  0]LogDerivedDataCache: Loaded boot cache 0.04s 72MB C:/Users/WANGJUNYOUNG/AppData/Local/UnrealEngine/4.20/DerivedDataCache/Boot.ddc.
[2021.11.04-23.43.14:635][  0]LogDerivedDataCache: Display: Loaded Boot cache: C:/Users/WANGJUNYOUNG/AppData/Local/UnrealEngine/4.20/DerivedDataCache/Boot.ddc
[2021.11.04-23.43.14:635][  0]LogDerivedDataCache: FDerivedDataBackendGraph:  Pak pak cache file E:/UnrealGithub/Week-1/Unreal_1st_Week/FirstDay/DerivedDataCache/DDC.ddp not found, will not use a pak cache.
[2021.11.04-23.43.14:635][  0]LogDerivedDataCache: Unable to find inner node Pak for hierarchical cache Hierarchy.
[2021.11.04-23.43.14:635][  0]LogDerivedDataCache: FDerivedDataBackendGraph:  CompressedPak pak cache file E:/UnrealGithub/Week-1/Unreal_1st_Week/FirstDay/DerivedDataCache/Compressed.ddp not found, will not use a pak cache.
[2021.11.04-23.43.14:635][  0]LogDerivedDataCache: Unable to find inner node CompressedPak for hierarchical cache Hierarchy.
[2021.11.04-23.43.14:650][  0]LogDerivedDataCache: Display: Pak cache opened for reading ../../../Engine/DerivedDataCache/Compressed.ddp.
[2021.11.04-23.43.14:662][  0]LogDerivedDataCache: Using Local data cache path C:/Users/WANGJUNYOUNG/AppData/Local/UnrealEngine/Common/DerivedDataCache: Writable
[2021.11.04-23.43.14:662][  0]LogDerivedDataCache: Shared data cache path not found in *engine.ini, will not use an Shared cache.
[2021.11.04-23.43.14:662][  0]LogDerivedDataCache: Unable to find inner node Shared for hierarchical cache Hierarchy.
[2021.11.04-23.43.14:677][  0]LogMaterial: Verifying Global Shaders for PCD3D_SM5
[2021.11.04-23.43.14:678][  0]LogSlate: Using FreeType 2.6.0
[2021.11.04-23.43.14:678][  0]LogSlate: SlateFontServices - WITH_FREETYPE: 1, WITH_HARFBUZZ: 1
[2021.11.04-23.43.14:739][  0]LogAssetRegistry: FAssetRegistry took 0.0251 seconds to start up
[2021.11.04-23.43.15:003][  0]LogInit: Selected Device Profile: [Windows]
[2021.11.04-23.43.15:098][  0]LogSimplygon: Simplygon DLL not present - disabling.
[2021.11.04-23.43.15:101][  0]LogMeshReduction: Using SimplygonSwarm for distributed automatic mesh merging
[2021.11.04-23.43.15:101][  0]LogMeshReduction: Using ProxyLODMeshReduction for automatic mesh merging
[2021.11.04-23.43.15:101][  0]LogMeshReduction: Using QuadricMeshReduction for automatic static mesh reduction
[2021.11.04-23.43.15:101][  0]LogMeshReduction: No automatic skeletal mesh reduction module available
[2021.11.04-23.43.15:113][  0]LogNetVersion: FirstDay 1.0.0, NetCL: 4212847, EngineNetVer: 5, GameNetVer: 0 (Checksum: 4278295988)
[2021.11.04-23.43.15:486][  0]LogPackageLocalizationCache: Processed 13 localized package path(s) for 2 prioritized culture(s) in 0.074836 seconds
[2021.11.04-23.43.15:491][  0]LogUObjectArray: 38426 objects as part of root set at end of initial load.
[2021.11.04-23.43.15:491][  0]LogUObjectAllocator: 6691096 out of 0 bytes used by permanent object pool.
[2021.11.04-23.43.15:491][  0]LogUObjectArray: CloseDisregardForGC: 0/0 objects in disregard for GC pool
[2021.11.04-23.43.16:095][  0]LogTcpMessaging: Initializing TcpMessaging bridge
[2021.11.04-23.43.16:115][  0]LogUdpMessaging: Initializing bridge on interface 0.0.0.0:0 to multicast group 230.0.0.1:6666.
[2021.11.04-23.43.16:247][  0]SourceControl: 소스 컨트롤이 꺼졌습니다.
[2021.11.04-23.43.16:247][  0]SourceControl: 소스 컨트롤이 꺼졌습니다.
[2021.11.04-23.43.16:248][  0]SourceControl: 소스 컨트롤이 꺼졌습니다.
[2021.11.04-23.43.16:248][  0]SourceControl: 소스 컨트롤이 꺼졌습니다.
[2021.11.04-23.43.16:407][  0]LogAndroidPermission: UAndroidPermissionCallbackProxy::GetInstance
[2021.11.04-23.43.16:499][  0]LogOcInput: OculusInput pre-init called
[2021.11.04-23.43.17:941][  0]LogEngine: Initializing Engine...
[2021.11.04-23.43.17:993][  0]LogHMD: Failed to initialize OpenVR with code 108
[2021.11.04-23.43.17:994][  0]LogStats: UGameplayTagsManager::ConstructGameplayTagTree: ImportINI prefixes -  0.000 s
[2021.11.04-23.43.17:994][  0]LogStats: UGameplayTagsManager::ConstructGameplayTagTree: Construct from data asset -  0.000 s
[2021.11.04-23.43.17:995][  0]LogStats: UGameplayTagsManager::ConstructGameplayTagTree: ImportINI -  0.000 s
[2021.11.04-23.43.17:995][  0]LogStats: UGameplayTagsManager::ConstructGameplayTagTree: GameplayTagTreeChangedEvent.Broadcast -  0.000 s
[2021.11.04-23.43.18:126][  0]LogInit: Initializing FReadOnlyCVARCache
[2021.11.04-23.43.18:136][  0]LogAIModule: Creating AISystem for world Untitled
[2021.11.04-23.43.18:167][  0]LogInit: XAudio2 using '스피커(High Definition Audio Device)' : 2 channels at 48 kHz using 16 bits per sample (channel mask 0x3)
[2021.11.04-23.43.18:196][  0]LogInit: FAudioDevice initialized.
[2021.11.04-23.43.18:197][  0]LogNetVersion: Set ProjectVersion to 1.0.0.0. Version Checksum will be recalculated on next use.
[2021.11.04-23.43.18:357][  0]LogDerivedDataCache: Saved boot cache 0.16s 72MB C:/Users/WANGJUNYOUNG/AppData/Local/UnrealEngine/4.20/DerivedDataCache/Boot.ddc.
[2021.11.04-23.43.18:359][  0]LogInit: Texture streaming: Enabled
[2021.11.04-23.43.18:373][  0]LogEngineSessionManager: EngineSessionManager initialized
[2021.11.04-23.43.18:383][  0]LogInit: Transaction tracking system initialized
[2021.11.04-23.43.18:399][  0]BlueprintLog: New page: 에디터 로드
[2021.11.04-23.43.18:484][  0]LocalizationService: 현지화 서비스가 비활성화되었습니다.
[2021.11.04-23.43.18:736][  0]LogFileCache: Scanning file cache for directory 'E:/UnrealGithub/Week-1/Unreal_1st_Week/FirstDay/Content/' took 0.01s
[2021.11.04-23.43.18:736][  0]LogCook: Display: Max memory allowance for cook 16384mb min free memory 0mb
[2021.11.04-23.43.18:736][  0]LogCook: Display: Mobile HDR setting 1
[2021.11.04-23.43.18:736][  0]LogGameplayTags: Display: UGameplayTagsManager::DoneAddingNativeTags. DelegateIsBound: 0
[2021.11.04-23.43.18:736][  0]LogStats: UGameplayTagsManager::ConstructGameplayTagTree: ImportINI prefixes -  0.000 s
[2021.11.04-23.43.18:736][  0]LogStats: UGameplayTagsManager::ConstructGameplayTagTree: Construct from data asset -  0.000 s
[2021.11.04-23.43.18:736][  0]LogStats: UGameplayTagsManager::ConstructGameplayTagTree: ImportINI -  0.000 s
[2021.11.04-23.43.18:736][  0]LogStats: UGameplayTagsManager::ConstructGameplayTagTree: GameplayTagTreeChangedEvent.Broadcast -  0.000 s
[2021.11.04-23.43.19:630][  0]SourceControl: 소스 컨트롤이 꺼졌습니다.
[2021.11.04-23.43.19:669][  0]LogFactory: FactoryCreateFile: PackFactory with PackFactory (0 0 D:/UE_4.20/FeaturePacks/StarterContent.upack)
[2021.11.04-23.43.19:741][  0]LogPackFactory: Finished extracting 8 files (including 0 errors).
[2021.11.04-23.43.19:767][  0]LogPackFactory: Copied "../../../Samples/StarterContent/Content/StarterContent/Architecture/Floor_400x400.uasset" to "E:/UnrealGithub/Week-1/Unreal_1st_Week/FirstDay/Content/StarterContent/Architecture/Floor_400x400.uasset"
[2021.11.04-23.43.19:772][  0]LogPackFactory: Copied "../../../Samples/StarterContent/Content/StarterContent/Architecture/Pillar_50x500.uasset" to "E:/UnrealGithub/Week-1/Unreal_1st_Week/FirstDay/Content/StarterContent/Architecture/Pillar_50x500.uasset"
[2021.11.04-23.43.19:779][  0]LogPackFactory: Copied "../../../Samples/StarterContent/Content/StarterContent/Architecture/SM_AssetPlatform.uasset" to "E:/UnrealGithub/Week-1/Unreal_1st_Week/FirstDay/Content/StarterContent/Architecture/SM_AssetPlatform.uasset"
[2021.11.04-23.43.19:783][  0]LogPackFactory: Copied "../../../Samples/StarterContent/Content/StarterContent/Architecture/Wall_400x200.uasset" to "E:/UnrealGithub/Week-1/Unreal_1st_Week/FirstDay/Content/StarterContent/Architecture/Wall_400x200.uasset"
[2021.11.04-23.43.19:790][  0]LogPackFactory: Copied "../../../Samples/StarterContent/Content/StarterContent/Architecture/Wall_400x300.uasset" to "E:/UnrealGithub/Week-1/Unreal_1st_Week/FirstDay/Content/StarterContent/Architecture/Wall_400x300.uasset"
[2021.11.04-23.43.19:797][  0]LogPackFactory: Copied "../../../Samples/StarterContent/Content/StarterContent/Architecture/Wall_400x400.uasset" to "E:/UnrealGithub/Week-1/Unreal_1st_Week/FirstDay/Content/StarterContent/Architecture/Wall_400x400.uasset"
[2021.11.04-23.43.19:802][  0]LogPackFactory: Copied "../../../Samples/StarterContent/Content/StarterContent/Architecture/Wall_500x500.uasset" to "E:/UnrealGithub/Week-1/Unreal_1st_Week/FirstDay/Content/StarterContent/Architecture/Wall_500x500.uasset"
[2021.11.04-23.43.19:808][  0]LogPackFactory: Copied "../../../Samples/StarterContent/Content/StarterContent/Architecture/Wall_Door_400x300.uasset" to "E:/UnrealGithub/Week-1/Unreal_1st_Week/FirstDay/Content/StarterContent/Architecture/Wall_Door_400x300.uasset"
[2021.11.04-23.43.19:813][  0]LogPackFactory: Copied "../../../Samples/StarterContent/Content/StarterContent/Architecture/Wall_Door_400x400.uasset" to "E:/UnrealGithub/Week-1/Unreal_1st_Week/FirstDay/Content/StarterContent/Architecture/Wall_Door_400x400.uasset"
[2021.11.04-23.43.19:817][  0]LogPackFactory: Copied "../../../Samples/StarterContent/Content/StarterContent/Architecture/Wall_Window_400x300.uasset" to "E:/UnrealGithub/Week-1/Unreal_1st_Week/FirstDay/Content/StarterContent/Architecture/Wall_Window_400x300.uasset"
[2021.11.04-23.43.19:823][  0]LogPackFactory: Copied "../../../Samples/StarterContent/Content/StarterContent/Architecture/Wall_Window_400x400.uasset" to "E:/UnrealGithub/Week-1/Unreal_1st_Week/FirstDay/Content/StarterContent/Architecture/Wall_Window_400x400.uasset"
[2021.11.04-23.43.19:851][  0]LogPackFactory: Copied "../../../Samples/StarterContent/Content/StarterContent/Audio/Collapse01.uasset" to "E:/UnrealGithub/Week-1/Unreal_1st_Week/FirstDay/Content/StarterContent/Audio/Collapse01.uasset"
[2021.11.04-23.43.19:865][  0]LogPackFactory: Copied "../../../Samples/StarterContent/Content/StarterContent/Audio/Collapse02.uasset" to "E:/UnrealGithub/Week-1/Unreal_1st_Week/FirstDay/Content/StarterContent/Audio/Collapse02.uasset"
[2021.11.04-23.43.19:870][  0]LogPackFactory: Copied "../../../Samples/StarterContent/Content/StarterContent/Audio/Collapse_Cue.uasset" to "E:/UnrealGithub/Week-1/Unreal_1st_Week/FirstDay/Content/StarterContent/Audio/Collapse_Cue.uasset"
[2021.11.04-23.43.19:876][  0]LogPackFactory: Copied "../../../Samples/StarterContent/Content/StarterContent/Audio/Explosion01.uasset" to "E:/UnrealGithub/Week-1/Unreal_1st_Week/FirstDay/Content/StarterContent/Audio/Explosion01.uasset"
[2021.11.04-23.43.19:882][  0]LogPackFactory: Copied "../../../Samples/StarterContent/Content/StarterContent/Audio/Explosion02.uasset" to "E:/UnrealGithub/Week-1/Unreal_1st_Week/FirstDay/Content/StarterContent/Audio/Explosion02.uasset"
[2021.11.04-23.43.19:887][  0]LogPackFactory: Copied "../../../Samples/StarterContent/Content/StarterContent/Audio/Explosion_Cue.uasset" to "E:/UnrealGithub/Week-1/Unreal_1st_Week/FirstDay/Content/StarterContent/Audio/Explosion_Cue.uasset"
[2021.11.04-23.43.19:893][  0]LogPackFactory: Copied "../../../Samples/StarterContent/Content/StarterContent/Audio/Fire01.uasset" to "E:/UnrealGithub/Week-1/Unreal_1st_Week/FirstDay/Content/StarterContent/Audio/Fire01.uasset"
[2021.11.04-23.43.19:898][  0]LogPackFactory: Copied "../../../Samples/StarterContent/Content/StarterContent/Audio/Fire01_Cue.uasset" to "E:/UnrealGithub/Week-1/Unreal_1st_Week/FirstDay/Content/StarterContent/Audio/Fire01_Cue.uasset"
[2021.11.04-23.43.19:913][  0]LogPackFactory: Copied "../../../Samples/StarterContent/Content/StarterContent/Audio/Fire_Sparks01.uasset" to "E:/UnrealGithub/Week-1/Unreal_1st_Week/FirstDay/Content/StarterContent/Audio/Fire_Sparks01.uasset"
[2021.11.04-23.43.19:918][  0]LogPackFactory: Copied "../../../Samples/StarterContent/Content/StarterContent/Audio/Fire_Sparks01_Cue.uasset" to "E:/UnrealGithub/Week-1/Unreal_1st_Week/FirstDay/Content/StarterContent/Audio/Fire_Sparks01_Cue.uasset"
[2021.11.04-23.43.19:925][  0]LogPackFactory: Copied "../../../Samples/StarterContent/Content/StarterContent/Audio/Light01.uasset" to "E:/UnrealGithub/Week-1/Unreal_1st_Week/FirstDay/Content/StarterContent/Audio/Light01.uasset"
[2021.11.04-23.43.19:930][  0]LogPackFactory: Copied "../../../Samples/StarterContent/Content/StarterContent/Audio/Light01_Cue.uasset" to "E:/UnrealGithub/Week-1/Unreal_1st_Week/FirstDay/Content/StarterContent/Audio/Light01_Cue.uasset"
[2021.11.04-23.43.19:937][  0]LogPackFactory: Copied "../../../Samples/StarterContent/Content/StarterContent/Audio/Light02.uasset" to "E:/UnrealGithub/Week-1/Unreal_1st_Week/FirstDay/Content/StarterContent/Audio/Light02.uasset"
[2021.11.04-23.43.19:943][  0]LogPackFactory: Copied "../../../Samples/StarterContent/Content/StarterContent/Audio/Light02_Cue.uasset" to "E:/UnrealGithub/Week-1/Unreal_1st_Week/FirstDay/Content/StarterContent/Audio/Light02_Cue.uasset"
[2021.11.04-23.43.19:952][  0]LogPackFactory: Copied "../../../Samples/StarterContent/Content/StarterContent/Audio/Smoke01.uasset" to "E:/UnrealGithub/Week-1/Unreal_1st_Week/FirstDay/Content/StarterContent/Audio/Smoke01.uasset"
[2021.11.04-23.43.19:957][  0]LogPackFactory: Copied "../../../Samples/StarterContent/Content/StarterContent/Audio/Smoke01_Cue.uasset" to "E:/UnrealGithub/Week-1/Unreal_1st_Week/FirstDay/Content/StarterContent/Audio/Smoke01_Cue.uasset"
[2021.11.04-23.43.19:961][  0]LogPackFactory: Copied "../../../Samples/StarterContent/Content/StarterContent/Audio/Starter_Background_Cue.uasset" to "E:/UnrealGithub/Week-1/Unreal_1st_Week/FirstDay/Content/StarterContent/Audio/Starter_Background_Cue.uasset"
[2021.11.04-23.43.19:990][  0]LogPackFactory: Copied "../../../Samples/StarterContent/Content/StarterContent/Audio/Starter_Birds01.uasset" to "E:/UnrealGithub/Week-1/Unreal_1st_Week/FirstDay/Content/StarterContent/Audio/Starter_Birds01.uasset"
[2021.11.04-23.43.20:059][  0]LogPackFactory: Copied "../../../Samples/StarterContent/Content/StarterContent/Audio/Starter_Music01.uasset" to "E:/UnrealGithub/Week-1/Unreal_1st_Week/FirstDay/Content/StarterContent/Audio/Starter_Music01.uasset"
[2021.11.04-23.43.20:094][  0]LogPackFactory: Copied "../../../Samples/StarterContent/Content/StarterContent/Audio/Starter_Music_Cue.uasset" to "E:/UnrealGithub/Week-1/Unreal_1st_Week/FirstDay/Content/StarterContent/Audio/Starter_Music_Cue.uasset"
[2021.11.04-23.43.20:129][  0]LogPackFactory: Copied "../../../Samples/StarterContent/Content/StarterContent/Audio/Starter_Wind05.uasset" to "E:/UnrealGithub/Week-1/Unreal_1st_Week/FirstDay/Content/StarterContent/Audio/Starter_Wind05.uasset"
[2021.11.04-23.43.20:152][  0]LogPackFactory: Copied "../../../Samples/StarterContent/Content/StarterContent/Audio/Starter_Wind06.uasset" to "E:/UnrealGithub/Week-1/Unreal_1st_Week/FirstDay/Content/StarterContent/Audio/Starter_Wind06.uasset"
[2021.11.04-23.43.20:171][  0]LogPackFactory: Copied "../../../Samples/StarterContent/Content/StarterContent/Audio/Steam01.uasset" to "E:/UnrealGithub/Week-1/Unreal_1st_Week/FirstDay/Content/StarterContent/Audio/Steam01.uasset"
[2021.11.04-23.43.20:184][  0]LogPackFactory: Copied "../../../Samples/StarterContent/Content/StarterContent/Audio/Steam01_Cue.uasset" to "E:/UnrealGithub/Week-1/Unreal_1st_Week/FirstDay/Content/StarterContent/Audio/Steam01_Cue.uasset"
[2021.11.04-23.43.20:229][  0]LogPackFactory: Copied "../../../Samples/StarterContent/Content/StarterContent/Blueprints/Blueprint_CeilingLight.uasset" to "E:/UnrealGithub/Week-1/Unreal_1st_Week/FirstDay/Content/StarterContent/Blueprints/Blueprint_CeilingLight.uasset"
[2021.11.04-23.43.20:237][  0]LogPackFactory: Copied "../../../Samples/StarterContent/Content/StarterContent/Blueprints/Blueprint_Effect_Explosion.uasset" to "E:/UnrealGithub/Week-1/Unreal_1st_Week/FirstDay/Content/StarterContent/Blueprints/Blueprint_Effect_Explosion.uasset"
[2021.11.04-23.43.20:243][  0]LogPackFactory: Copied "../../../Samples/StarterContent/Content/StarterContent/Blueprints/Blueprint_Effect_Fire.uasset" to "E:/UnrealGithub/Week-1/Unreal_1st_Week/FirstDay/Content/StarterContent/Blueprints/Blueprint_Effect_Fire.uasset"
[2021.11.04-23.43.20:248][  0]LogPackFactory: Copied "../../../Samples/StarterContent/Content/StarterContent/Blueprints/Blueprint_Effect_Smoke.uasset" to "E:/UnrealGithub/Week-1/Unreal_1st_Week/FirstDay/Content/StarterContent/Blueprints/Blueprint_Effect_Smoke.uasset"
[2021.11.04-23.43.20:256][  0]LogPackFactory: Copied "../../../Samples/StarterContent/Content/StarterContent/Blueprints/Blueprint_Effect_Sparks.uasset" to "E:/UnrealGithub/Week-1/Unreal_1st_Week/FirstDay/Content/StarterContent/Blueprints/Blueprint_Effect_Sparks.uasset"
[2021.11.04-23.43.20:261][  0]LogPackFactory: Copied "../../../Samples/StarterContent/Content/StarterContent/Blueprints/Blueprint_Effect_Steam.uasset" to "E:/UnrealGithub/Week-1/Unreal_1st_Week/FirstDay/Content/StarterContent/Blueprints/Blueprint_Effect_Steam.uasset"
[2021.11.04-23.43.20:296][  0]LogPackFactory: Copied "../../../Samples/StarterContent/Content/StarterContent/Blueprints/Blueprint_WallSconce.uasset" to "E:/UnrealGithub/Week-1/Unreal_1st_Week/FirstDay/Content/StarterContent/Blueprints/Blueprint_WallSconce.uasset"
[2021.11.04-23.43.20:308][  0]LogPackFactory: Copied "../../../Samples/StarterContent/Content/StarterContent/Blueprints/BP_LightStudio.uasset" to "E:/UnrealGithub/Week-1/Unreal_1st_Week/FirstDay/Content/StarterContent/Blueprints/BP_LightStudio.uasset"
[2021.11.04-23.43.20:314][  0]LogPackFactory: Copied "../../../Samples/StarterContent/Content/StarterContent/Blueprints/Assets/FogBrightnessLUT.uasset" to "E:/UnrealGithub/Week-1/Unreal_1st_Week/FirstDay/Content/StarterContent/Blueprints/Assets/FogBrightnessLUT.uasset"
[2021.11.04-23.43.20:319][  0]LogPackFactory: Copied "../../../Samples/StarterContent/Content/StarterContent/Blueprints/Assets/M_LightStage_Arrows.uasset" to "E:/UnrealGithub/Week-1/Unreal_1st_Week/FirstDay/Content/StarterContent/Blueprints/Assets/M_LightStage_Arrows.uasset"
[2021.11.04-23.43.20:336][  0]LogPackFactory: Copied "../../../Samples/StarterContent/Content/StarterContent/Blueprints/Assets/M_LightStage_Skybox_Black.uasset" to "E:/UnrealGithub/Week-1/Unreal_1st_Week/FirstDay/Content/StarterContent/Blueprints/Assets/M_LightStage_Skybox_Black.uasset"
[2021.11.04-23.43.20:341][  0]LogPackFactory: Copied "../../../Samples/StarterContent/Content/StarterContent/Blueprints/Assets/M_LightStage_Skybox_HDRI.uasset" to "E:/UnrealGithub/Week-1/Unreal_1st_Week/FirstDay/Content/StarterContent/Blueprints/Assets/M_LightStage_Skybox_HDRI.uasset"
[2021.11.04-23.43.20:370][  0]LogPackFactory: Copied "../../../Samples/StarterContent/Content/StarterContent/Blueprints/Assets/M_LightStage_Skybox_Master.uasset" to "E:/UnrealGithub/Week-1/Unreal_1st_Week/FirstDay/Content/StarterContent/Blueprints/Assets/M_LightStage_Skybox_Master.uasset"
[2021.11.04-23.43.20:413][  0]LogPackFactory: Copied "../../../Samples/StarterContent/Content/StarterContent/Blueprints/Assets/Skybox.uasset" to "E:/UnrealGithub/Week-1/Unreal_1st_Week/FirstDay/Content/StarterContent/Blueprints/Assets/Skybox.uasset"
[2021.11.04-23.43.20:433][  0]LogPackFactory: Copied "../../../Samples/StarterContent/Content/StarterContent/Blueprints/Assets/SM_Arrows.uasset" to "E:/UnrealGithub/Week-1/Unreal_1st_Week/FirstDay/Content/StarterContent/Blueprints/Assets/SM_Arrows.uasset"
[2021.11.04-23.43.20:438][  0]LogPackFactory: Copied "../../../Samples/StarterContent/Content/StarterContent/Blueprints/Assets/SunlightColorLUT.uasset" to "E:/UnrealGithub/Week-1/Unreal_1st_Week/FirstDay/Content/StarterContent/Blueprints/Assets/SunlightColorLUT.uasset"
[2021.11.04-23.43.20:844][  0]LogPackFactory: Copied "../../../Samples/StarterContent/Content/StarterContent/HDRI/HDRI_Epic_Courtyard_Daylight.uasset" to "E:/UnrealGithub/Week-1/Unreal_1st_Week/FirstDay/Content/StarterContent/HDRI/HDRI_Epic_Courtyard_Daylight.uasset"
[2021.11.04-23.43.20:856][  0]LogPackFactory: Copied "../../../Samples/StarterContent/Content/StarterContent/Maps/Advanced_Lighting.umap" to "E:/UnrealGithub/Week-1/Unreal_1st_Week/FirstDay/Content/StarterContent/Maps/Advanced_Lighting.umap"
[2021.11.04-23.43.20:864][  0]LogPackFactory: Copied "../../../Samples/StarterContent/Content/StarterContent/Maps/Advanced_Lighting_BuiltData.uasset" to "E:/UnrealGithub/Week-1/Unreal_1st_Week/FirstDay/Content/StarterContent/Maps/Advanced_Lighting_BuiltData.uasset"
[2021.11.04-23.43.20:870][  0]LogPackFactory: Copied "../../../Samples/StarterContent/Content/StarterContent/Maps/Minimal_Default.umap" to "E:/UnrealGithub/Week-1/Unreal_1st_Week/FirstDay/Content/StarterContent/Maps/Minimal_Default.umap"
[2021.11.04-23.43.20:893][  0]LogPackFactory: Copied "../../../Samples/StarterContent/Content/StarterContent/Maps/Minimal_Default_BuiltData.uasset" to "E:/UnrealGithub/Week-1/Unreal_1st_Week/FirstDay/Content/StarterContent/Maps/Minimal_Default_BuiltData.uasset"
[2021.11.04-23.43.20:913][  0]LogPackFactory: Copied "../../../Samples/StarterContent/Content/StarterContent/Maps/StarterMap.umap" to "E:/UnrealGithub/Week-1/Unreal_1st_Week/FirstDay/Content/StarterContent/Maps/StarterMap.umap"
[2021.11.04-23.43.21:070][  0]LogPackFactory: Copied "../../../Samples/StarterContent/Content/StarterContent/Maps/StarterMap_BuiltData.uasset" to "E:/UnrealGithub/Week-1/Unreal_1st_Week/FirstDay/Content/StarterContent/Maps/StarterMap_BuiltData.uasset"
[2021.11.04-23.43.21:087][  0]LogPackFactory: Copied "../../../Samples/StarterContent/Content/StarterContent/Materials/M_AssetPlatform.uasset" to "E:/UnrealGithub/Week-1/Unreal_1st_Week/FirstDay/Content/StarterContent/Materials/M_AssetPlatform.uasset"
[2021.11.04-23.43.21:095][  0]LogPackFactory: Copied "../../../Samples/StarterContent/Content/StarterContent/Materials/M_Basic_Floor.uasset" to "E:/UnrealGithub/Week-1/Unreal_1st_Week/FirstDay/Content/StarterContent/Materials/M_Basic_Floor.uasset"
[2021.11.04-23.43.21:100][  0]LogPackFactory: Copied "../../../Samples/StarterContent/Content/StarterContent/Materials/M_Basic_Wall.uasset" to "E:/UnrealGithub/Week-1/Unreal_1st_Week/FirstDay/Content/StarterContent/Materials/M_Basic_Wall.uasset"
[2021.11.04-23.43.21:114][  0]LogPackFactory: Copied "../../../Samples/StarterContent/Content/StarterContent/Materials/M_Brick_Clay_Beveled.uasset" to "E:/UnrealGithub/Week-1/Unreal_1st_Week/FirstDay/Content/StarterContent/Materials/M_Brick_Clay_Beveled.uasset"
[2021.11.04-23.43.21:123][  0]LogPackFactory: Copied "../../../Samples/StarterContent/Content/StarterContent/Materials/M_Brick_Clay_New.uasset" to "E:/UnrealGithub/Week-1/Unreal_1st_Week/FirstDay/Content/StarterContent/Materials/M_Brick_Clay_New.uasset"
[2021.11.04-23.43.21:134][  0]LogPackFactory: Copied "../../../Samples/StarterContent/Content/StarterContent/Materials/M_Brick_Clay_Old.uasset" to "E:/UnrealGithub/Week-1/Unreal_1st_Week/FirstDay/Content/StarterContent/Materials/M_Brick_Clay_Old.uasset"
[2021.11.04-23.43.21:144][  0]LogPackFactory: Copied "../../../Samples/StarterContent/Content/StarterContent/Materials/M_Brick_Cut_Stone.uasset" to "E:/UnrealGithub/Week-1/Unreal_1st_Week/FirstDay/Content/StarterContent/Materials/M_Brick_Cut_Stone.uasset"
[2021.11.04-23.43.21:149][  0]LogPackFactory: Copied "../../../Samples/StarterContent/Content/StarterContent/Materials/M_Brick_Hewn_Stone.uasset" to "E:/UnrealGithub/Week-1/Unreal_1st_Week/FirstDay/Content/StarterContent/Materials/M_Brick_Hewn_Stone.uasset"
[2021.11.04-23.43.21:159][  0]LogPackFactory: Copied "../../../Samples/StarterContent/Content/StarterContent/Materials/M_Ceramic_Tile_Checker.uasset" to "E:/UnrealGithub/Week-1/Unreal_1st_Week/FirstDay/Content/StarterContent/Materials/M_Ceramic_Tile_Checker.uasset"
[2021.11.04-23.43.21:169][  0]LogPackFactory: Copied "../../../Samples/StarterContent/Content/StarterContent/Materials/M_CobbleStone_Pebble.uasset" to "E:/UnrealGithub/Week-1/Unreal_1st_Week/FirstDay/Content/StarterContent/Materials/M_CobbleStone_Pebble.uasset"
[2021.11.04-23.43.21:182][  0]LogPackFactory: Copied "../../../Samples/StarterContent/Content/StarterContent/Materials/M_CobbleStone_Rough.uasset" to "E:/UnrealGithub/Week-1/Unreal_1st_Week/FirstDay/Content/StarterContent/Materials/M_CobbleStone_Rough.uasset"
[2021.11.04-23.43.21:196][  0]LogPackFactory: Copied "../../../Samples/StarterContent/Content/StarterContent/Materials/M_CobbleStone_Smooth.uasset" to "E:/UnrealGithub/Week-1/Unreal_1st_Week/FirstDay/Content/StarterContent/Materials/M_CobbleStone_Smooth.uasset"
[2021.11.04-23.43.21:213][  0]LogPackFactory: Copied "../../../Samples/StarterContent/Content/StarterContent/Materials/M_ColorGrid_LowSpec.uasset" to "E:/UnrealGithub/Week-1/Unreal_1st_Week/FirstDay/Content/StarterContent/Materials/M_ColorGrid_LowSpec.uasset"
[2021.11.04-23.43.21:218][  0]LogPackFactory: Copied "../../../Samples/StarterContent/Content/StarterContent/Materials/M_Concrete_Grime.uasset" to "E:/UnrealGithub/Week-1/Unreal_1st_Week/FirstDay/Content/StarterContent/Materials/M_Concrete_Grime.uasset"
[2021.11.04-23.43.21:222][  0]LogPackFactory: Copied "../../../Samples/StarterContent/Content/StarterContent/Materials/M_Concrete_Panels.uasset" to "E:/UnrealGithub/Week-1/Unreal_1st_Week/FirstDay/Content/StarterContent/Materials/M_Concrete_Panels.uasset"
[2021.11.04-23.43.21:227][  0]LogPackFactory: Copied "../../../Samples/StarterContent/Content/StarterContent/Materials/M_Concrete_Poured.uasset" to "E:/UnrealGithub/Week-1/Unreal_1st_Week/FirstDay/Content/StarterContent/Materials/M_Concrete_Poured.uasset"
[2021.11.04-23.43.21:237][  0]LogPackFactory: Copied "../../../Samples/StarterContent/Content/StarterContent/Materials/M_Concrete_Tiles.uasset" to "E:/UnrealGithub/Week-1/Unreal_1st_Week/FirstDay/Content/StarterContent/Materials/M_Concrete_Tiles.uasset"
[2021.11.04-23.43.21:241][  0]LogPackFactory: Copied "../../../Samples/StarterContent/Content/StarterContent/Materials/M_Glass.uasset" to "E:/UnrealGithub/Week-1/Unreal_1st_Week/FirstDay/Content/StarterContent/Materials/M_Glass.uasset"
[2021.11.04-23.43.21:260][  0]LogPackFactory: Copied "../../../Samples/StarterContent/Content/StarterContent/Materials/M_Ground_Grass.uasset" to "E:/UnrealGithub/Week-1/Unreal_1st_Week/FirstDay/Content/StarterContent/Materials/M_Ground_Grass.uasset"
[2021.11.04-23.43.21:265][  0]LogPackFactory: Copied "../../../Samples/StarterContent/Content/StarterContent/Materials/M_Ground_Gravel.uasset" to "E:/UnrealGithub/Week-1/Unreal_1st_Week/FirstDay/Content/StarterContent/Materials/M_Ground_Gravel.uasset"
[2021.11.04-23.43.21:282][  0]LogPackFactory: Copied "../../../Samples/StarterContent/Content/StarterContent/Materials/M_Ground_Moss.uasset" to "E:/UnrealGithub/Week-1/Unreal_1st_Week/FirstDay/Content/StarterContent/Materials/M_Ground_Moss.uasset"
[2021.11.04-23.43.21:287][  0]LogPackFactory: Copied "../../../Samples/StarterContent/Content/StarterContent/Materials/M_Metal_Brushed_Nickel.uasset" to "E:/UnrealGithub/Week-1/Unreal_1st_Week/FirstDay/Content/StarterContent/Materials/M_Metal_Brushed_Nickel.uasset"
[2021.11.04-23.43.21:292][  0]LogPackFactory: Copied "../../../Samples/StarterContent/Content/StarterContent/Materials/M_Metal_Burnished_Steel.uasset" to "E:/UnrealGithub/Week-1/Unreal_1st_Week/FirstDay/Content/StarterContent/Materials/M_Metal_Burnished_Steel.uasset"
[2021.11.04-23.43.21:308][  0]LogPackFactory: Copied "../../../Samples/StarterContent/Content/StarterContent/Materials/M_Metal_Chrome.uasset" to "E:/UnrealGithub/Week-1/Unreal_1st_Week/FirstDay/Content/StarterContent/Materials/M_Metal_Chrome.uasset"
[2021.11.04-23.43.21:312][  0]LogPackFactory: Copied "../../../Samples/StarterContent/Content/StarterContent/Materials/M_Metal_Copper.uasset" to "E:/UnrealGithub/Week-1/Unreal_1st_Week/FirstDay/Content/StarterContent/Materials/M_Metal_Copper.uasset"
[2021.11.04-23.43.21:317][  0]LogPackFactory: Copied "../../../Samples/StarterContent/Content/StarterContent/Materials/M_Metal_Gold.uasset" to "E:/UnrealGithub/Week-1/Unreal_1st_Week/FirstDay/Content/StarterContent/Materials/M_Metal_Gold.uasset"
[2021.11.04-23.43.21:321][  0]LogPackFactory: Copied "../../../Samples/StarterContent/Content/StarterContent/Materials/M_Metal_Rust.uasset" to "E:/UnrealGithub/Week-1/Unreal_1st_Week/FirstDay/Content/StarterContent/Materials/M_Metal_Rust.uasset"
[2021.11.04-23.43.21:325][  0]LogPackFactory: Copied "../../../Samples/StarterContent/Content/StarterContent/Materials/M_Metal_Steel.uasset" to "E:/UnrealGithub/Week-1/Unreal_1st_Week/FirstDay/Content/StarterContent/Materials/M_Metal_Steel.uasset"
[2021.11.04-23.43.21:330][  0]LogPackFactory: Copied "../../../Samples/StarterContent/Content/StarterContent/Materials/M_Rock_Basalt.uasset" to "E:/UnrealGithub/Week-1/Unreal_1st_Week/FirstDay/Content/StarterContent/Materials/M_Rock_Basalt.uasset"
[2021.11.04-23.43.21:334][  0]LogPackFactory: Copied "../../../Samples/StarterContent/Content/StarterContent/Materials/M_Rock_Marble_Polished.uasset" to "E:/UnrealGithub/Week-1/Unreal_1st_Week/FirstDay/Content/StarterContent/Materials/M_Rock_Marble_Polished.uasset"
[2021.11.04-23.43.21:350][  0]LogPackFactory: Copied "../../../Samples/StarterContent/Content/StarterContent/Materials/M_Rock_Sandstone.uasset" to "E:/UnrealGithub/Week-1/Unreal_1st_Week/FirstDay/Content/StarterContent/Materials/M_Rock_Sandstone.uasset"
[2021.11.04-23.43.21:354][  0]LogPackFactory: Copied "../../../Samples/StarterContent/Content/StarterContent/Materials/M_Rock_Slate.uasset" to "E:/UnrealGithub/Week-1/Unreal_1st_Week/FirstDay/Content/StarterContent/Materials/M_Rock_Slate.uasset"
[2021.11.04-23.43.21:365][  0]LogPackFactory: Copied "../../../Samples/StarterContent/Content/StarterContent/Materials/M_Tech_Checker_Dot.uasset" to "E:/UnrealGithub/Week-1/Unreal_1st_Week/FirstDay/Content/StarterContent/Materials/M_Tech_Checker_Dot.uasset"
[2021.11.04-23.43.21:370][  0]LogPackFactory: Copied "../../../Samples/StarterContent/Content/StarterContent/Materials/M_Tech_Hex_Tile.uasset" to "E:/UnrealGithub/Week-1/Unreal_1st_Week/FirstDay/Content/StarterContent/Materials/M_Tech_Hex_Tile.uasset"
[2021.11.04-23.43.21:380][  0]LogPackFactory: Copied "../../../Samples/StarterContent/Content/StarterContent/Materials/M_Tech_Hex_Tile_Pulse.uasset" to "E:/UnrealGithub/Week-1/Unreal_1st_Week/FirstDay/Content/StarterContent/Materials/M_Tech_Hex_Tile_Pulse.uasset"
[2021.11.04-23.43.21:384][  0]LogPackFactory: Copied "../../../Samples/StarterContent/Content/StarterContent/Materials/M_Tech_Panel.uasset" to "E:/UnrealGithub/Week-1/Unreal_1st_Week/FirstDay/Content/StarterContent/Materials/M_Tech_Panel.uasset"
[2021.11.04-23.43.21:391][  0]LogPackFactory: Copied "../../../Samples/StarterContent/Content/StarterContent/Materials/M_Water_Lake.uasset" to "E:/UnrealGithub/Week-1/Unreal_1st_Week/FirstDay/Content/StarterContent/Materials/M_Water_Lake.uasset"
[2021.11.04-23.43.21:404][  0]LogPackFactory: Copied "../../../Samples/StarterContent/Content/StarterContent/Materials/M_Water_Ocean.uasset" to "E:/UnrealGithub/Week-1/Unreal_1st_Week/FirstDay/Content/StarterContent/Materials/M_Water_Ocean.uasset"
[2021.11.04-23.43.21:413][  0]LogPackFactory: Copied "../../../Samples/StarterContent/Content/StarterContent/Materials/M_Wood_Floor_Walnut_Polished.uasset" to "E:/UnrealGithub/Week-1/Unreal_1st_Week/FirstDay/Content/StarterContent/Materials/M_Wood_Floor_Walnut_Polished.uasset"
[2021.11.04-23.43.21:419][  0]LogPackFactory: Copied "../../../Samples/StarterContent/Content/StarterContent/Materials/M_Wood_Floor_Walnut_Worn.uasset" to "E:/UnrealGithub/Week-1/Unreal_1st_Week/FirstDay/Content/StarterContent/Materials/M_Wood_Floor_Walnut_Worn.uasset"
[2021.11.04-23.43.21:453][  0]LogPackFactory: Copied "../../../Samples/StarterContent/Content/StarterContent/Materials/M_Wood_Oak.uasset" to "E:/UnrealGithub/Week-1/Unreal_1st_Week/FirstDay/Content/StarterContent/Materials/M_Wood_Oak.uasset"
[2021.11.04-23.43.21:487][  0]LogPackFactory: Copied "../../../Samples/StarterContent/Content/StarterContent/Materials/M_Wood_Pine.uasset" to "E:/UnrealGithub/Week-1/Unreal_1st_Week/FirstDay/Content/StarterContent/Materials/M_Wood_Pine.uasset"
[2021.11.04-23.43.21:491][  0]LogPackFactory: Copied "../../../Samples/StarterContent/Content/StarterContent/Materials/M_Wood_Walnut.uasset" to "E:/UnrealGithub/Week-1/Unreal_1st_Week/FirstDay/Content/StarterContent/Materials/M_Wood_Walnut.uasset"
[2021.11.04-23.43.21:509][  0]LogPackFactory: Copied "../../../Samples/StarterContent/Content/StarterContent/Particles/P_Ambient_Dust.uasset" to "E:/UnrealGithub/Week-1/Unreal_1st_Week/FirstDay/Content/StarterContent/Particles/P_Ambient_Dust.uasset"
[2021.11.04-23.43.21:539][  0]LogPackFactory: Copied "../../../Samples/StarterContent/Content/StarterContent/Particles/P_Explosion.uasset" to "E:/UnrealGithub/Week-1/Unreal_1st_Week/FirstDay/Content/StarterContent/Particles/P_Explosion.uasset"
[2021.11.04-23.43.21:558][  0]LogPackFactory: Copied "../../../Samples/StarterContent/Content/StarterContent/Particles/P_Fire.uasset" to "E:/UnrealGithub/Week-1/Unreal_1st_Week/FirstDay/Content/StarterContent/Particles/P_Fire.uasset"
[2021.11.04-23.43.21:562][  0]LogPackFactory: Copied "../../../Samples/StarterContent/Content/StarterContent/Particles/P_Smoke.uasset" to "E:/UnrealGithub/Week-1/Unreal_1st_Week/FirstDay/Content/StarterContent/Particles/P_Smoke.uasset"
[2021.11.04-23.43.21:566][  0]LogPackFactory: Copied "../../../Samples/StarterContent/Content/StarterContent/Particles/P_Sparks.uasset" to "E:/UnrealGithub/Week-1/Unreal_1st_Week/FirstDay/Content/StarterContent/Particles/P_Sparks.uasset"
[2021.11.04-23.43.21:600][  0]LogPackFactory: Copied "../../../Samples/StarterContent/Content/StarterContent/Particles/P_Steam_Lit.uasset" to "E:/UnrealGithub/Week-1/Unreal_1st_Week/FirstDay/Content/StarterContent/Particles/P_Steam_Lit.uasset"
[2021.11.04-23.43.21:649][  0]LogPackFactory: Copied "../../../Samples/StarterContent/Content/StarterContent/Particles/Materials/M_Burst.uasset" to "E:/UnrealGithub/Week-1/Unreal_1st_Week/FirstDay/Content/StarterContent/Particles/Materials/M_Burst.uasset"
[2021.11.04-23.43.21:664][  0]LogPackFactory: Copied "../../../Samples/StarterContent/Content/StarterContent/Particles/Materials/M_Dust_Particle.uasset" to "E:/UnrealGithub/Week-1/Unreal_1st_Week/FirstDay/Content/StarterContent/Particles/Materials/M_Dust_Particle.uasset"
[2021.11.04-23.43.21:671][  0]LogPackFactory: Copied "../../../Samples/StarterContent/Content/StarterContent/Particles/Materials/M_explosion_subUV.uasset" to "E:/UnrealGithub/Week-1/Unreal_1st_Week/FirstDay/Content/StarterContent/Particles/Materials/M_explosion_subUV.uasset"
[2021.11.04-23.43.21:675][  0]LogPackFactory: Copied "../../../Samples/StarterContent/Content/StarterContent/Particles/Materials/M_Fire_SubUV.uasset" to "E:/UnrealGithub/Week-1/Unreal_1st_Week/FirstDay/Content/StarterContent/Particles/Materials/M_Fire_SubUV.uasset"
[2021.11.04-23.43.21:691][  0]LogPackFactory: Copied "../../../Samples/StarterContent/Content/StarterContent/Particles/Materials/m_flare_01.uasset" to "E:/UnrealGithub/Week-1/Unreal_1st_Week/FirstDay/Content/StarterContent/Particles/Materials/m_flare_01.uasset"
[2021.11.04-23.43.21:698][  0]LogPackFactory: Copied "../../../Samples/StarterContent/Content/StarterContent/Particles/Materials/M_Heat_Distortion.uasset" to "E:/UnrealGithub/Week-1/Unreal_1st_Week/FirstDay/Content/StarterContent/Particles/Materials/M_Heat_Distortion.uasset"
[2021.11.04-23.43.21:705][  0]LogPackFactory: Copied "../../../Samples/StarterContent/Content/StarterContent/Particles/Materials/M_Radial_Gradient.uasset" to "E:/UnrealGithub/Week-1/Unreal_1st_Week/FirstDay/Content/StarterContent/Particles/Materials/M_Radial_Gradient.uasset"
[2021.11.04-23.43.21:723][  0]LogPackFactory: Copied "../../../Samples/StarterContent/Content/StarterContent/Particles/Materials/M_radial_ramp.uasset" to "E:/UnrealGithub/Week-1/Unreal_1st_Week/FirstDay/Content/StarterContent/Particles/Materials/M_radial_ramp.uasset"
[2021.11.04-23.43.21:789][  0]LogPackFactory: Copied "../../../Samples/StarterContent/Content/StarterContent/Particles/Materials/M_smoke_subUV.uasset" to "E:/UnrealGithub/Week-1/Unreal_1st_Week/FirstDay/Content/StarterContent/Particles/Materials/M_smoke_subUV.uasset"
[2021.11.04-23.43.21:801][  0]LogPackFactory: Copied "../../../Samples/StarterContent/Content/StarterContent/Particles/Materials/M_Spark.uasset" to "E:/UnrealGithub/Week-1/Unreal_1st_Week/FirstDay/Content/StarterContent/Particles/Materials/M_Spark.uasset"
[2021.11.04-23.43.21:839][  0]LogPackFactory: Copied "../../../Samples/StarterContent/Content/StarterContent/Props/MaterialSphere.uasset" to "E:/UnrealGithub/Week-1/Unreal_1st_Week/FirstDay/Content/StarterContent/Props/MaterialSphere.uasset"
[2021.11.04-23.43.21:846][  0]LogPackFactory: Copied "../../../Samples/StarterContent/Content/StarterContent/Props/SM_Bush.uasset" to "E:/UnrealGithub/Week-1/Unreal_1st_Week/FirstDay/Content/StarterContent/Props/SM_Bush.uasset"
[2021.11.04-23.43.21:891][  0]LogPackFactory: Copied "../../../Samples/StarterContent/Content/StarterContent/Props/SM_Chair.uasset" to "E:/UnrealGithub/Week-1/Unreal_1st_Week/FirstDay/Content/StarterContent/Props/SM_Chair.uasset"
[2021.11.04-23.43.21:896][  0]LogPackFactory: Copied "../../../Samples/StarterContent/Content/StarterContent/Props/SM_CornerFrame.uasset" to "E:/UnrealGithub/Week-1/Unreal_1st_Week/FirstDay/Content/StarterContent/Props/SM_CornerFrame.uasset"
[2021.11.04-23.43.22:285][  0]LogPackFactory: Copied "../../../Samples/StarterContent/Content/StarterContent/Props/SM_Couch.uasset" to "E:/UnrealGithub/Week-1/Unreal_1st_Week/FirstDay/Content/StarterContent/Props/SM_Couch.uasset"
[2021.11.04-23.43.22:396][  0]LogPackFactory: Copied "../../../Samples/StarterContent/Content/StarterContent/Props/SM_Door.uasset" to "E:/UnrealGithub/Week-1/Unreal_1st_Week/FirstDay/Content/StarterContent/Props/SM_Door.uasset"
[2021.11.04-23.43.22:402][  0]LogPackFactory: Copied "../../../Samples/StarterContent/Content/StarterContent/Props/SM_DoorFrame.uasset" to "E:/UnrealGithub/Week-1/Unreal_1st_Week/FirstDay/Content/StarterContent/Props/SM_DoorFrame.uasset"
[2021.11.04-23.43.22:417][  0]LogPackFactory: Copied "../../../Samples/StarterContent/Content/StarterContent/Props/SM_GlassWindow.uasset" to "E:/UnrealGithub/Week-1/Unreal_1st_Week/FirstDay/Content/StarterContent/Props/SM_GlassWindow.uasset"
[2021.11.04-23.43.22:428][  0]LogPackFactory: Copied "../../../Samples/StarterContent/Content/StarterContent/Props/SM_Lamp_Ceiling.uasset" to "E:/UnrealGithub/Week-1/Unreal_1st_Week/FirstDay/Content/StarterContent/Props/SM_Lamp_Ceiling.uasset"
[2021.11.04-23.43.22:432][  0]LogPackFactory: Copied "../../../Samples/StarterContent/Content/StarterContent/Props/SM_Lamp_Wall.uasset" to "E:/UnrealGithub/Week-1/Unreal_1st_Week/FirstDay/Content/StarterContent/Props/SM_Lamp_Wall.uasset"
[2021.11.04-23.43.22:458][  0]LogPackFactory: Copied "../../../Samples/StarterContent/Content/StarterContent/Props/SM_MatPreviewMesh_02.uasset" to "E:/UnrealGithub/Week-1/Unreal_1st_Week/FirstDay/Content/StarterContent/Props/SM_MatPreviewMesh_02.uasset"
[2021.11.04-23.43.22:463][  0]LogPackFactory: Copied "../../../Samples/StarterContent/Content/StarterContent/Props/SM_PillarFrame.uasset" to "E:/UnrealGithub/Week-1/Unreal_1st_Week/FirstDay/Content/StarterContent/Props/SM_PillarFrame.uasset"
[2021.11.04-23.43.22:467][  0]LogPackFactory: Copied "../../../Samples/StarterContent/Content/StarterContent/Props/SM_PillarFrame300.uasset" to "E:/UnrealGithub/Week-1/Unreal_1st_Week/FirstDay/Content/StarterContent/Props/SM_PillarFrame300.uasset"
[2021.11.04-23.43.22:471][  0]LogPackFactory: Copied "../../../Samples/StarterContent/Content/StarterContent/Props/SM_Rock.uasset" to "E:/UnrealGithub/Week-1/Unreal_1st_Week/FirstDay/Content/StarterContent/Props/SM_Rock.uasset"
[2021.11.04-23.43.22:489][  0]LogPackFactory: Copied "../../../Samples/StarterContent/Content/StarterContent/Props/SM_Shelf.uasset" to "E:/UnrealGithub/Week-1/Unreal_1st_Week/FirstDay/Content/StarterContent/Props/SM_Shelf.uasset"
[2021.11.04-23.43.22:494][  0]LogPackFactory: Copied "../../../Samples/StarterContent/Content/StarterContent/Props/SM_Stairs.uasset" to "E:/UnrealGithub/Week-1/Unreal_1st_Week/FirstDay/Content/StarterContent/Props/SM_Stairs.uasset"
[2021.11.04-23.43.22:507][  0]LogPackFactory: Copied "../../../Samples/StarterContent/Content/StarterContent/Props/SM_Statue.uasset" to "E:/UnrealGithub/Week-1/Unreal_1st_Week/FirstDay/Content/StarterContent/Props/SM_Statue.uasset"
[2021.11.04-23.43.22:532][  0]LogPackFactory: Copied "../../../Samples/StarterContent/Content/StarterContent/Props/SM_TableRound.uasset" to "E:/UnrealGithub/Week-1/Unreal_1st_Week/FirstDay/Content/StarterContent/Props/SM_TableRound.uasset"
[2021.11.04-23.43.22:541][  0]LogPackFactory: Copied "../../../Samples/StarterContent/Content/StarterContent/Props/SM_WindowFrame.uasset" to "E:/UnrealGithub/Week-1/Unreal_1st_Week/FirstDay/Content/StarterContent/Props/SM_WindowFrame.uasset"
[2021.11.04-23.43.22:547][  0]LogPackFactory: Copied "../../../Samples/StarterContent/Content/StarterContent/Props/Materials/M_Bush.uasset" to "E:/UnrealGithub/Week-1/Unreal_1st_Week/FirstDay/Content/StarterContent/Props/Materials/M_Bush.uasset"
[2021.11.04-23.43.22:552][  0]LogPackFactory: Copied "../../../Samples/StarterContent/Content/StarterContent/Props/Materials/M_Chair.uasset" to "E:/UnrealGithub/Week-1/Unreal_1st_Week/FirstDay/Content/StarterContent/Props/Materials/M_Chair.uasset"
[2021.11.04-23.43.22:557][  0]LogPackFactory: Copied "../../../Samples/StarterContent/Content/StarterContent/Props/Materials/M_Door.uasset" to "E:/UnrealGithub/Week-1/Unreal_1st_Week/FirstDay/Content/StarterContent/Props/Materials/M_Door.uasset"
[2021.11.04-23.43.22:562][  0]LogPackFactory: Copied "../../../Samples/StarterContent/Content/StarterContent/Props/Materials/M_Frame.uasset" to "E:/UnrealGithub/Week-1/Unreal_1st_Week/FirstDay/Content/StarterContent/Props/Materials/M_Frame.uasset"
[2021.11.04-23.43.22:567][  0]LogPackFactory: Copied "../../../Samples/StarterContent/Content/StarterContent/Props/Materials/M_Lamp.uasset" to "E:/UnrealGithub/Week-1/Unreal_1st_Week/FirstDay/Content/StarterContent/Props/Materials/M_Lamp.uasset"
[2021.11.04-23.43.22:572][  0]LogPackFactory: Copied "../../../Samples/StarterContent/Content/StarterContent/Props/Materials/M_MaterialSphere.uasset" to "E:/UnrealGithub/Week-1/Unreal_1st_Week/FirstDay/Content/StarterContent/Props/Materials/M_MaterialSphere.uasset"
[2021.11.04-23.43.22:577][  0]LogPackFactory: Copied "../../../Samples/StarterContent/Content/StarterContent/Props/Materials/M_MaterialSphere_Plain.uasset" to "E:/UnrealGithub/Week-1/Unreal_1st_Week/FirstDay/Content/StarterContent/Props/Materials/M_MaterialSphere_Plain.uasset"
[2021.11.04-23.43.22:582][  0]LogPackFactory: Copied "../../../Samples/StarterContent/Content/StarterContent/Props/Materials/M_Rock.uasset" to "E:/UnrealGithub/Week-1/Unreal_1st_Week/FirstDay/Content/StarterContent/Props/Materials/M_Rock.uasset"
[2021.11.04-23.43.22:586][  0]LogPackFactory: Copied "../../../Samples/StarterContent/Content/StarterContent/Props/Materials/M_Shelf.uasset" to "E:/UnrealGithub/Week-1/Unreal_1st_Week/FirstDay/Content/StarterContent/Props/Materials/M_Shelf.uasset"
[2021.11.04-23.43.22:591][  0]LogPackFactory: Copied "../../../Samples/StarterContent/Content/StarterContent/Props/Materials/M_Statue.uasset" to "E:/UnrealGithub/Week-1/Unreal_1st_Week/FirstDay/Content/StarterContent/Props/Materials/M_Statue.uasset"
[2021.11.04-23.43.22:599][  0]LogPackFactory: Copied "../../../Samples/StarterContent/Content/StarterContent/Props/Materials/M_StatueGlass.uasset" to "E:/UnrealGithub/Week-1/Unreal_1st_Week/FirstDay/Content/StarterContent/Props/Materials/M_StatueGlass.uasset"
[2021.11.04-23.43.22:603][  0]LogPackFactory: Copied "../../../Samples/StarterContent/Content/StarterContent/Props/Materials/M_TableRound.uasset" to "E:/UnrealGithub/Week-1/Unreal_1st_Week/FirstDay/Content/StarterContent/Props/Materials/M_TableRound.uasset"
[2021.11.04-23.43.22:608][  0]LogPackFactory: Copied "../../../Samples/StarterContent/Content/StarterContent/Shapes/Shape_Cone.uasset" to "E:/UnrealGithub/Week-1/Unreal_1st_Week/FirstDay/Content/StarterContent/Shapes/Shape_Cone.uasset"
[2021.11.04-23.43.22:613][  0]LogPackFactory: Copied "../../../Samples/StarterContent/Content/StarterContent/Shapes/Shape_Cube.uasset" to "E:/UnrealGithub/Week-1/Unreal_1st_Week/FirstDay/Content/StarterContent/Shapes/Shape_Cube.uasset"
[2021.11.04-23.43.22:620][  0]LogPackFactory: Copied "../../../Samples/StarterContent/Content/StarterContent/Shapes/Shape_Cylinder.uasset" to "E:/UnrealGithub/Week-1/Unreal_1st_Week/FirstDay/Content/StarterContent/Shapes/Shape_Cylinder.uasset"
[2021.11.04-23.43.22:625][  0]LogPackFactory: Copied "../../../Samples/StarterContent/Content/StarterContent/Shapes/Shape_NarrowCapsule.uasset" to "E:/UnrealGithub/Week-1/Unreal_1st_Week/FirstDay/Content/StarterContent/Shapes/Shape_NarrowCapsule.uasset"
[2021.11.04-23.43.22:630][  0]LogPackFactory: Copied "../../../Samples/StarterContent/Content/StarterContent/Shapes/Shape_Pipe.uasset" to "E:/UnrealGithub/Week-1/Unreal_1st_Week/FirstDay/Content/StarterContent/Shapes/Shape_Pipe.uasset"
[2021.11.04-23.43.22:640][  0]LogPackFactory: Copied "../../../Samples/StarterContent/Content/StarterContent/Shapes/Shape_Pipe_180.uasset" to "E:/UnrealGithub/Week-1/Unreal_1st_Week/FirstDay/Content/StarterContent/Shapes/Shape_Pipe_180.uasset"
[2021.11.04-23.43.22:644][  0]LogPackFactory: Copied "../../../Samples/StarterContent/Content/StarterContent/Shapes/Shape_Pipe_90.uasset" to "E:/UnrealGithub/Week-1/Unreal_1st_Week/FirstDay/Content/StarterContent/Shapes/Shape_Pipe_90.uasset"
[2021.11.04-23.43.22:649][  0]LogPackFactory: Copied "../../../Samples/StarterContent/Content/StarterContent/Shapes/Shape_Plane.uasset" to "E:/UnrealGithub/Week-1/Unreal_1st_Week/FirstDay/Content/StarterContent/Shapes/Shape_Plane.uasset"
[2021.11.04-23.43.22:653][  0]LogPackFactory: Copied "../../../Samples/StarterContent/Content/StarterContent/Shapes/Shape_QuadPyramid.uasset" to "E:/UnrealGithub/Week-1/Unreal_1st_Week/FirstDay/Content/StarterContent/Shapes/Shape_QuadPyramid.uasset"
[2021.11.04-23.43.22:659][  0]LogPackFactory: Copied "../../../Samples/StarterContent/Content/StarterContent/Shapes/Shape_Sphere.uasset" to "E:/UnrealGithub/Week-1/Unreal_1st_Week/FirstDay/Content/StarterContent/Shapes/Shape_Sphere.uasset"
[2021.11.04-23.43.22:676][  0]LogPackFactory: Copied "../../../Samples/StarterContent/Content/StarterContent/Shapes/Shape_Torus.uasset" to "E:/UnrealGithub/Week-1/Unreal_1st_Week/FirstDay/Content/StarterContent/Shapes/Shape_Torus.uasset"
[2021.11.04-23.43.22:680][  0]LogPackFactory: Copied "../../../Samples/StarterContent/Content/StarterContent/Shapes/Shape_Trim.uasset" to "E:/UnrealGithub/Week-1/Unreal_1st_Week/FirstDay/Content/StarterContent/Shapes/Shape_Trim.uasset"
[2021.11.04-23.43.22:684][  0]LogPackFactory: Copied "../../../Samples/StarterContent/Content/StarterContent/Shapes/Shape_Trim_90_In.uasset" to "E:/UnrealGithub/Week-1/Unreal_1st_Week/FirstDay/Content/StarterContent/Shapes/Shape_Trim_90_In.uasset"
[2021.11.04-23.43.22:689][  0]LogPackFactory: Copied "../../../Samples/StarterContent/Content/StarterContent/Shapes/Shape_Trim_90_Out.uasset" to "E:/UnrealGithub/Week-1/Unreal_1st_Week/FirstDay/Content/StarterContent/Shapes/Shape_Trim_90_Out.uasset"
[2021.11.04-23.43.22:694][  0]LogPackFactory: Copied "../../../Samples/StarterContent/Content/StarterContent/Shapes/Shape_TriPyramid.uasset" to "E:/UnrealGithub/Week-1/Unreal_1st_Week/FirstDay/Content/StarterContent/Shapes/Shape_TriPyramid.uasset"
[2021.11.04-23.43.22:698][  0]LogPackFactory: Copied "../../../Samples/StarterContent/Content/StarterContent/Shapes/Shape_Tube.uasset" to "E:/UnrealGithub/Week-1/Unreal_1st_Week/FirstDay/Content/StarterContent/Shapes/Shape_Tube.uasset"
[2021.11.04-23.43.22:703][  0]LogPackFactory: Copied "../../../Samples/StarterContent/Content/StarterContent/Shapes/Shape_Wedge_A.uasset" to "E:/UnrealGithub/Week-1/Unreal_1st_Week/FirstDay/Content/StarterContent/Shapes/Shape_Wedge_A.uasset"
[2021.11.04-23.43.22:708][  0]LogPackFactory: Copied "../../../Samples/StarterContent/Content/StarterContent/Shapes/Shape_Wedge_B.uasset" to "E:/UnrealGithub/Week-1/Unreal_1st_Week/FirstDay/Content/StarterContent/Shapes/Shape_Wedge_B.uasset"
[2021.11.04-23.43.22:712][  0]LogPackFactory: Copied "../../../Samples/StarterContent/Content/StarterContent/Shapes/Shape_WideCapsule.uasset" to "E:/UnrealGithub/Week-1/Unreal_1st_Week/FirstDay/Content/StarterContent/Shapes/Shape_WideCapsule.uasset"
[2021.11.04-23.43.22:784][  0]LogPackFactory: Copied "../../../Samples/StarterContent/Content/StarterContent/Textures/T_Brick_Clay_Beveled_D.uasset" to "E:/UnrealGithub/Week-1/Unreal_1st_Week/FirstDay/Content/StarterContent/Textures/T_Brick_Clay_Beveled_D.uasset"
[2021.11.04-23.43.22:852][  0]LogPackFactory: Copied "../../../Samples/StarterContent/Content/StarterContent/Textures/T_Brick_Clay_Beveled_M.uasset" to "E:/UnrealGithub/Week-1/Unreal_1st_Week/FirstDay/Content/StarterContent/Textures/T_Brick_Clay_Beveled_M.uasset"
[2021.11.04-23.43.22:914][  0]LogPackFactory: Copied "../../../Samples/StarterContent/Content/StarterContent/Textures/T_Brick_Clay_Beveled_N.uasset" to "E:/UnrealGithub/Week-1/Unreal_1st_Week/FirstDay/Content/StarterContent/Textures/T_Brick_Clay_Beveled_N.uasset"
[2021.11.04-23.43.22:965][  0]LogPackFactory: Copied "../../../Samples/StarterContent/Content/StarterContent/Textures/T_Brick_Clay_New_D.uasset" to "E:/UnrealGithub/Week-1/Unreal_1st_Week/FirstDay/Content/StarterContent/Textures/T_Brick_Clay_New_D.uasset"
[2021.11.04-23.43.23:059][  0]LogPackFactory: Copied "../../../Samples/StarterContent/Content/StarterContent/Textures/T_Brick_Clay_New_M.uasset" to "E:/UnrealGithub/Week-1/Unreal_1st_Week/FirstDay/Content/StarterContent/Textures/T_Brick_Clay_New_M.uasset"
[2021.11.04-23.43.23:113][  0]LogPackFactory: Copied "../../../Samples/StarterContent/Content/StarterContent/Textures/T_Brick_Clay_New_N.uasset" to "E:/UnrealGithub/Week-1/Unreal_1st_Week/FirstDay/Content/StarterContent/Textures/T_Brick_Clay_New_N.uasset"
[2021.11.04-23.43.23:187][  0]LogPackFactory: Copied "../../../Samples/StarterContent/Content/StarterContent/Textures/T_Brick_Clay_Old_D.uasset" to "E:/UnrealGithub/Week-1/Unreal_1st_Week/FirstDay/Content/StarterContent/Textures/T_Brick_Clay_Old_D.uasset"
[2021.11.04-23.43.23:281][  0]LogPackFactory: Copied "../../../Samples/StarterContent/Content/StarterContent/Textures/T_Brick_Clay_Old_N.uasset" to "E:/UnrealGithub/Week-1/Unreal_1st_Week/FirstDay/Content/StarterContent/Textures/T_Brick_Clay_Old_N.uasset"
[2021.11.04-23.43.23:365][  0]LogPackFactory: Copied "../../../Samples/StarterContent/Content/StarterContent/Textures/T_Brick_Cut_Stone_D.uasset" to "E:/UnrealGithub/Week-1/Unreal_1st_Week/FirstDay/Content/StarterContent/Textures/T_Brick_Cut_Stone_D.uasset"
[2021.11.04-23.43.23:422][  0]LogPackFactory: Copied "../../../Samples/StarterContent/Content/StarterContent/Textures/T_Brick_Cut_Stone_N.uasset" to "E:/UnrealGithub/Week-1/Unreal_1st_Week/FirstDay/Content/StarterContent/Textures/T_Brick_Cut_Stone_N.uasset"
[2021.11.04-23.43.23:466][  0]LogPackFactory: Copied "../../../Samples/StarterContent/Content/StarterContent/Textures/T_Brick_Hewn_Stone_D.uasset" to "E:/UnrealGithub/Week-1/Unreal_1st_Week/FirstDay/Content/StarterContent/Textures/T_Brick_Hewn_Stone_D.uasset"
[2021.11.04-23.43.23:515][  0]LogPackFactory: Copied "../../../Samples/StarterContent/Content/StarterContent/Textures/T_Brick_Hewn_Stone_M.uasset" to "E:/UnrealGithub/Week-1/Unreal_1st_Week/FirstDay/Content/StarterContent/Textures/T_Brick_Hewn_Stone_M.uasset"
[2021.11.04-23.43.23:582][  0]LogPackFactory: Copied "../../../Samples/StarterContent/Content/StarterContent/Textures/T_Brick_Hewn_Stone_N.uasset" to "E:/UnrealGithub/Week-1/Unreal_1st_Week/FirstDay/Content/StarterContent/Textures/T_Brick_Hewn_Stone_N.uasset"
[2021.11.04-23.43.23:598][  0]LogPackFactory: Copied "../../../Samples/StarterContent/Content/StarterContent/Textures/T_Burst_M.uasset" to "E:/UnrealGithub/Week-1/Unreal_1st_Week/FirstDay/Content/StarterContent/Textures/T_Burst_M.uasset"
[2021.11.04-23.43.23:616][  0]LogPackFactory: Copied "../../../Samples/StarterContent/Content/StarterContent/Textures/T_Bush_D.uasset" to "E:/UnrealGithub/Week-1/Unreal_1st_Week/FirstDay/Content/StarterContent/Textures/T_Bush_D.uasset"
[2021.11.04-23.43.23:629][  0]LogPackFactory: Copied "../../../Samples/StarterContent/Content/StarterContent/Textures/T_Bush_N.uasset" to "E:/UnrealGithub/Week-1/Unreal_1st_Week/FirstDay/Content/StarterContent/Textures/T_Bush_N.uasset"
[2021.11.04-23.43.23:635][  0]LogPackFactory: Copied "../../../Samples/StarterContent/Content/StarterContent/Textures/T_Ceramic_Tile_M.uasset" to "E:/UnrealGithub/Week-1/Unreal_1st_Week/FirstDay/Content/StarterContent/Textures/T_Ceramic_Tile_M.uasset"
[2021.11.04-23.43.23:647][  0]LogPackFactory: Copied "../../../Samples/StarterContent/Content/StarterContent/Textures/T_Ceramic_Tile_N.uasset" to "E:/UnrealGithub/Week-1/Unreal_1st_Week/FirstDay/Content/StarterContent/Textures/T_Ceramic_Tile_N.uasset"
[2021.11.04-23.43.23:662][  0]LogPackFactory: Copied "../../../Samples/StarterContent/Content/StarterContent/Textures/T_Chair_M.uasset" to "E:/UnrealGithub/Week-1/Unreal_1st_Week/FirstDay/Content/StarterContent/Textures/T_Chair_M.uasset"
[2021.11.04-23.43.23:689][  0]LogPackFactory: Copied "../../../Samples/StarterContent/Content/StarterContent/Textures/T_Chair_N.uasset" to "E:/UnrealGithub/Week-1/Unreal_1st_Week/FirstDay/Content/StarterContent/Textures/T_Chair_N.uasset"
[2021.11.04-23.43.23:704][  0]LogPackFactory: Copied "../../../Samples/StarterContent/Content/StarterContent/Textures/T_Checker_Noise_M.uasset" to "E:/UnrealGithub/Week-1/Unreal_1st_Week/FirstDay/Content/StarterContent/Textures/T_Checker_Noise_M.uasset"
[2021.11.04-23.43.23:787][  0]LogPackFactory: Copied "../../../Samples/StarterContent/Content/StarterContent/Textures/T_CobbleStone_Pebble_D.uasset" to "E:/UnrealGithub/Week-1/Unreal_1st_Week/FirstDay/Content/StarterContent/Textures/T_CobbleStone_Pebble_D.uasset"
[2021.11.04-23.43.23:849][  0]LogPackFactory: Copied "../../../Samples/StarterContent/Content/StarterContent/Textures/T_CobbleStone_Pebble_M.uasset" to "E:/UnrealGithub/Week-1/Unreal_1st_Week/FirstDay/Content/StarterContent/Textures/T_CobbleStone_Pebble_M.uasset"
[2021.11.04-23.43.23:905][  0]LogPackFactory: Copied "../../../Samples/StarterContent/Content/StarterContent/Textures/T_CobbleStone_Pebble_N.uasset" to "E:/UnrealGithub/Week-1/Unreal_1st_Week/FirstDay/Content/StarterContent/Textures/T_CobbleStone_Pebble_N.uasset"
[2021.11.04-23.43.23:938][  0]LogPackFactory: Copied "../../../Samples/StarterContent/Content/StarterContent/Textures/T_CobbleStone_Rough_D.uasset" to "E:/UnrealGithub/Week-1/Unreal_1st_Week/FirstDay/Content/StarterContent/Textures/T_CobbleStone_Rough_D.uasset"
[2021.11.04-23.43.23:971][  0]LogPackFactory: Copied "../../../Samples/StarterContent/Content/StarterContent/Textures/T_CobbleStone_Rough_N.uasset" to "E:/UnrealGithub/Week-1/Unreal_1st_Week/FirstDay/Content/StarterContent/Textures/T_CobbleStone_Rough_N.uasset"
[2021.11.04-23.43.24:046][  0]LogPackFactory: Copied "../../../Samples/StarterContent/Content/StarterContent/Textures/T_CobbleStone_Smooth_D.uasset" to "E:/UnrealGithub/Week-1/Unreal_1st_Week/FirstDay/Content/StarterContent/Textures/T_CobbleStone_Smooth_D.uasset"
[2021.11.04-23.43.24:093][  0]LogPackFactory: Copied "../../../Samples/StarterContent/Content/StarterContent/Textures/T_CobbleStone_Smooth_M.uasset" to "E:/UnrealGithub/Week-1/Unreal_1st_Week/FirstDay/Content/StarterContent/Textures/T_CobbleStone_Smooth_M.uasset"
[2021.11.04-23.43.24:167][  0]LogPackFactory: Copied "../../../Samples/StarterContent/Content/StarterContent/Textures/T_CobbleStone_Smooth_N.uasset" to "E:/UnrealGithub/Week-1/Unreal_1st_Week/FirstDay/Content/StarterContent/Textures/T_CobbleStone_Smooth_N.uasset"
[2021.11.04-23.43.24:242][  0]LogPackFactory: Copied "../../../Samples/StarterContent/Content/StarterContent/Textures/T_Concrete_Grime_D.uasset" to "E:/UnrealGithub/Week-1/Unreal_1st_Week/FirstDay/Content/StarterContent/Textures/T_Concrete_Grime_D.uasset"
[2021.11.04-23.43.24:337][  0]LogPackFactory: Copied "../../../Samples/StarterContent/Content/StarterContent/Textures/T_Concrete_Panels_D.uasset" to "E:/UnrealGithub/Week-1/Unreal_1st_Week/FirstDay/Content/StarterContent/Textures/T_Concrete_Panels_D.uasset"
[2021.11.04-23.43.24:380][  0]LogPackFactory: Copied "../../../Samples/StarterContent/Content/StarterContent/Textures/T_Concrete_Panels_N.uasset" to "E:/UnrealGithub/Week-1/Unreal_1st_Week/FirstDay/Content/StarterContent/Textures/T_Concrete_Panels_N.uasset"
[2021.11.04-23.43.24:474][  0]LogPackFactory: Copied "../../../Samples/StarterContent/Content/StarterContent/Textures/T_Concrete_Poured_D.uasset" to "E:/UnrealGithub/Week-1/Unreal_1st_Week/FirstDay/Content/StarterContent/Textures/T_Concrete_Poured_D.uasset"
[2021.11.04-23.43.24:532][  0]LogPackFactory: Copied "../../../Samples/StarterContent/Content/StarterContent/Textures/T_Concrete_Poured_N.uasset" to "E:/UnrealGithub/Week-1/Unreal_1st_Week/FirstDay/Content/StarterContent/Textures/T_Concrete_Poured_N.uasset"
[2021.11.04-23.43.24:611][  0]LogPackFactory: Copied "../../../Samples/StarterContent/Content/StarterContent/Textures/T_Concrete_Tiles_D.uasset" to "E:/UnrealGithub/Week-1/Unreal_1st_Week/FirstDay/Content/StarterContent/Textures/T_Concrete_Tiles_D.uasset"
[2021.11.04-23.43.24:638][  0]LogPackFactory: Copied "../../../Samples/StarterContent/Content/StarterContent/Textures/T_Concrete_Tiles_M.uasset" to "E:/UnrealGithub/Week-1/Unreal_1st_Week/FirstDay/Content/StarterContent/Textures/T_Concrete_Tiles_M.uasset"
[2021.11.04-23.43.24:659][  0]LogPackFactory: Copied "../../../Samples/StarterContent/Content/StarterContent/Textures/T_Concrete_Tiles_N.uasset" to "E:/UnrealGithub/Week-1/Unreal_1st_Week/FirstDay/Content/StarterContent/Textures/T_Concrete_Tiles_N.uasset"
[2021.11.04-23.43.24:670][  0]LogPackFactory: Copied "../../../Samples/StarterContent/Content/StarterContent/Textures/T_Concrete_Tiles_Variation_M.uasset" to "E:/UnrealGithub/Week-1/Unreal_1st_Week/FirstDay/Content/StarterContent/Textures/T_Concrete_Tiles_Variation_M.uasset"
[2021.11.04-23.43.24:701][  0]LogPackFactory: Copied "../../../Samples/StarterContent/Content/StarterContent/Textures/T_Detail_Rocky_N.uasset" to "E:/UnrealGithub/Week-1/Unreal_1st_Week/FirstDay/Content/StarterContent/Textures/T_Detail_Rocky_N.uasset"
[2021.11.04-23.43.24:720][  0]LogPackFactory: Copied "../../../Samples/StarterContent/Content/StarterContent/Textures/T_Door_M.uasset" to "E:/UnrealGithub/Week-1/Unreal_1st_Week/FirstDay/Content/StarterContent/Textures/T_Door_M.uasset"
[2021.11.04-23.43.24:730][  0]LogPackFactory: Copied "../../../Samples/StarterContent/Content/StarterContent/Textures/T_Door_N.uasset" to "E:/UnrealGithub/Week-1/Unreal_1st_Week/FirstDay/Content/StarterContent/Textures/T_Door_N.uasset"
[2021.11.04-23.43.24:742][  0]LogPackFactory: Copied "../../../Samples/StarterContent/Content/StarterContent/Textures/T_Dust_Particle_D.uasset" to "E:/UnrealGithub/Week-1/Unreal_1st_Week/FirstDay/Content/StarterContent/Textures/T_Dust_Particle_D.uasset"
[2021.11.04-23.43.24:766][  0]LogPackFactory: Copied "../../../Samples/StarterContent/Content/StarterContent/Textures/T_Explosion_SubUV.uasset" to "E:/UnrealGithub/Week-1/Unreal_1st_Week/FirstDay/Content/StarterContent/Textures/T_Explosion_SubUV.uasset"
[2021.11.04-23.43.24:781][  0]LogPackFactory: Copied "../../../Samples/StarterContent/Content/StarterContent/Textures/T_Fire_SubUV.uasset" to "E:/UnrealGithub/Week-1/Unreal_1st_Week/FirstDay/Content/StarterContent/Textures/T_Fire_SubUV.uasset"
[2021.11.04-23.43.24:800][  0]LogPackFactory: Copied "../../../Samples/StarterContent/Content/StarterContent/Textures/T_Fire_Tiled_D.uasset" to "E:/UnrealGithub/Week-1/Unreal_1st_Week/FirstDay/Content/StarterContent/Textures/T_Fire_Tiled_D.uasset"
[2021.11.04-23.43.24:808][  0]LogPackFactory: Copied "../../../Samples/StarterContent/Content/StarterContent/Textures/T_Frame_M.uasset" to "E:/UnrealGithub/Week-1/Unreal_1st_Week/FirstDay/Content/StarterContent/Textures/T_Frame_M.uasset"
[2021.11.04-23.43.24:833][  0]LogPackFactory: Copied "../../../Samples/StarterContent/Content/StarterContent/Textures/T_Frame_N.uasset" to "E:/UnrealGithub/Week-1/Unreal_1st_Week/FirstDay/Content/StarterContent/Textures/T_Frame_N.uasset"
[2021.11.04-23.43.24:847][  0]LogPackFactory: Copied "../../../Samples/StarterContent/Content/StarterContent/Textures/T_Gradinet_01.uasset" to "E:/UnrealGithub/Week-1/Unreal_1st_Week/FirstDay/Content/StarterContent/Textures/T_Gradinet_01.uasset"
[2021.11.04-23.43.24:934][  0]LogPackFactory: Copied "../../../Samples/StarterContent/Content/StarterContent/Textures/T_Ground_Grass_D.uasset" to "E:/UnrealGithub/Week-1/Unreal_1st_Week/FirstDay/Content/StarterContent/Textures/T_Ground_Grass_D.uasset"
[2021.11.04-23.43.25:020][  0]LogPackFactory: Copied "../../../Samples/StarterContent/Content/StarterContent/Textures/T_Ground_Grass_N.uasset" to "E:/UnrealGithub/Week-1/Unreal_1st_Week/FirstDay/Content/StarterContent/Textures/T_Ground_Grass_N.uasset"
[2021.11.04-23.43.25:095][  0]LogPackFactory: Copied "../../../Samples/StarterContent/Content/StarterContent/Textures/T_Ground_Gravel_D.uasset" to "E:/UnrealGithub/Week-1/Unreal_1st_Week/FirstDay/Content/StarterContent/Textures/T_Ground_Gravel_D.uasset"
[2021.11.04-23.43.25:147][  0]LogPackFactory: Copied "../../../Samples/StarterContent/Content/StarterContent/Textures/T_Ground_Gravel_N.uasset" to "E:/UnrealGithub/Week-1/Unreal_1st_Week/FirstDay/Content/StarterContent/Textures/T_Ground_Gravel_N.uasset"
[2021.11.04-23.43.25:288][  0]LogPackFactory: Copied "../../../Samples/StarterContent/Content/StarterContent/Textures/T_ground_Moss_D.uasset" to "E:/UnrealGithub/Week-1/Unreal_1st_Week/FirstDay/Content/StarterContent/Textures/T_ground_Moss_D.uasset"
[2021.11.04-23.43.25:353][  0]LogPackFactory: Copied "../../../Samples/StarterContent/Content/StarterContent/Textures/T_Ground_Moss_N.uasset" to "E:/UnrealGithub/Week-1/Unreal_1st_Week/FirstDay/Content/StarterContent/Textures/T_Ground_Moss_N.uasset"
[2021.11.04-23.43.25:376][  0]LogPackFactory: Copied "../../../Samples/StarterContent/Content/StarterContent/Textures/T_Lamp_M.uasset" to "E:/UnrealGithub/Week-1/Unreal_1st_Week/FirstDay/Content/StarterContent/Textures/T_Lamp_M.uasset"
[2021.11.04-23.43.25:398][  0]LogPackFactory: Copied "../../../Samples/StarterContent/Content/StarterContent/Textures/T_Lamp_N.uasset" to "E:/UnrealGithub/Week-1/Unreal_1st_Week/FirstDay/Content/StarterContent/Textures/T_Lamp_N.uasset"
[2021.11.04-23.43.25:505][  0]LogPackFactory: Copied "../../../Samples/StarterContent/Content/StarterContent/Textures/T_MacroVariation.uasset" to "E:/UnrealGithub/Week-1/Unreal_1st_Week/FirstDay/Content/StarterContent/Textures/T_MacroVariation.uasset"
[2021.11.04-23.43.25:708][  0]LogPackFactory: Copied "../../../Samples/StarterContent/Content/StarterContent/Textures/T_Metal_Aluminum_D.uasset" to "E:/UnrealGithub/Week-1/Unreal_1st_Week/FirstDay/Content/StarterContent/Textures/T_Metal_Aluminum_D.uasset"
[2021.11.04-23.43.25:859][  0]LogPackFactory: Copied "../../../Samples/StarterContent/Content/StarterContent/Textures/T_Metal_Copper_D.uasset" to "E:/UnrealGithub/Week-1/Unreal_1st_Week/FirstDay/Content/StarterContent/Textures/T_Metal_Copper_D.uasset"
[2021.11.04-23.43.25:932][  0]LogPackFactory: Copied "../../../Samples/StarterContent/Content/StarterContent/Textures/T_Metal_Gold_D.uasset" to "E:/UnrealGithub/Week-1/Unreal_1st_Week/FirstDay/Content/StarterContent/Textures/T_Metal_Gold_D.uasset"
[2021.11.04-23.43.25:968][  0]LogPackFactory: Copied "../../../Samples/StarterContent/Content/StarterContent/Textures/T_Metal_Gold_N.uasset" to "E:/UnrealGithub/Week-1/Unreal_1st_Week/FirstDay/Content/StarterContent/Textures/T_Metal_Gold_N.uasset"
[2021.11.04-23.43.26:054][  0]LogPackFactory: Copied "../../../Samples/StarterContent/Content/StarterContent/Textures/T_Metal_Rust_D.uasset" to "E:/UnrealGithub/Week-1/Unreal_1st_Week/FirstDay/Content/StarterContent/Textures/T_Metal_Rust_D.uasset"
[2021.11.04-23.43.26:111][  0]LogPackFactory: Copied "../../../Samples/StarterContent/Content/StarterContent/Textures/T_Metal_Rust_N.uasset" to "E:/UnrealGithub/Week-1/Unreal_1st_Week/FirstDay/Content/StarterContent/Textures/T_Metal_Rust_N.uasset"
[2021.11.04-23.43.26:147][  0]LogPackFactory: Copied "../../../Samples/StarterContent/Content/StarterContent/Textures/T_Metal_Steel_D.uasset" to "E:/UnrealGithub/Week-1/Unreal_1st_Week/FirstDay/Content/StarterContent/Textures/T_Metal_Steel_D.uasset"
[2021.11.04-23.43.26:189][  0]LogPackFactory: Copied "../../../Samples/StarterContent/Content/StarterContent/Textures/T_Metal_Steel_N.uasset" to "E:/UnrealGithub/Week-1/Unreal_1st_Week/FirstDay/Content/StarterContent/Textures/T_Metal_Steel_N.uasset"
[2021.11.04-23.43.26:252][  0]LogPackFactory: Copied "../../../Samples/StarterContent/Content/StarterContent/Textures/T_Perlin_Noise_M.uasset" to "E:/UnrealGithub/Week-1/Unreal_1st_Week/FirstDay/Content/StarterContent/Textures/T_Perlin_Noise_M.uasset"
[2021.11.04-23.43.26:323][  0]LogPackFactory: Copied "../../../Samples/StarterContent/Content/StarterContent/Textures/T_RockMesh_M.uasset" to "E:/UnrealGithub/Week-1/Unreal_1st_Week/FirstDay/Content/StarterContent/Textures/T_RockMesh_M.uasset"
[2021.11.04-23.43.26:366][  0]LogPackFactory: Copied "../../../Samples/StarterContent/Content/StarterContent/Textures/T_RockMesh_N.uasset" to "E:/UnrealGithub/Week-1/Unreal_1st_Week/FirstDay/Content/StarterContent/Textures/T_RockMesh_N.uasset"
[2021.11.04-23.43.26:441][  0]LogPackFactory: Copied "../../../Samples/StarterContent/Content/StarterContent/Textures/T_Rock_Basalt_D.uasset" to "E:/UnrealGithub/Week-1/Unreal_1st_Week/FirstDay/Content/StarterContent/Textures/T_Rock_Basalt_D.uasset"
[2021.11.04-23.43.26:466][  0]LogPackFactory: Copied "../../../Samples/StarterContent/Content/StarterContent/Textures/T_Rock_Basalt_N.uasset" to "E:/UnrealGithub/Week-1/Unreal_1st_Week/FirstDay/Content/StarterContent/Textures/T_Rock_Basalt_N.uasset"
[2021.11.04-23.43.26:512][  0]LogPackFactory: Copied "../../../Samples/StarterContent/Content/StarterContent/Textures/T_Rock_Marble_Polished_D.uasset" to "E:/UnrealGithub/Week-1/Unreal_1st_Week/FirstDay/Content/StarterContent/Textures/T_Rock_Marble_Polished_D.uasset"
[2021.11.04-23.43.26:585][  0]LogPackFactory: Copied "../../../Samples/StarterContent/Content/StarterContent/Textures/T_Rock_Sandstone_D.uasset" to "E:/UnrealGithub/Week-1/Unreal_1st_Week/FirstDay/Content/StarterContent/Textures/T_Rock_Sandstone_D.uasset"
[2021.11.04-23.43.26:647][  0]LogPackFactory: Copied "../../../Samples/StarterContent/Content/StarterContent/Textures/T_Rock_Sandstone_N.uasset" to "E:/UnrealGithub/Week-1/Unreal_1st_Week/FirstDay/Content/StarterContent/Textures/T_Rock_Sandstone_N.uasset"
[2021.11.04-23.43.26:734][  0]LogPackFactory: Copied "../../../Samples/StarterContent/Content/StarterContent/Textures/T_Rock_Slate_D.uasset" to "E:/UnrealGithub/Week-1/Unreal_1st_Week/FirstDay/Content/StarterContent/Textures/T_Rock_Slate_D.uasset"
[2021.11.04-23.43.26:803][  0]LogPackFactory: Copied "../../../Samples/StarterContent/Content/StarterContent/Textures/T_Rock_Slate_N.uasset" to "E:/UnrealGithub/Week-1/Unreal_1st_Week/FirstDay/Content/StarterContent/Textures/T_Rock_Slate_N.uasset"
[2021.11.04-23.43.26:871][  0]LogPackFactory: Copied "../../../Samples/StarterContent/Content/StarterContent/Textures/T_Rock_Smooth_Granite_D.uasset" to "E:/UnrealGithub/Week-1/Unreal_1st_Week/FirstDay/Content/StarterContent/Textures/T_Rock_Smooth_Granite_D.uasset"
[2021.11.04-23.43.26:888][  0]LogPackFactory: Copied "../../../Samples/StarterContent/Content/StarterContent/Textures/T_Shelf_M.uasset" to "E:/UnrealGithub/Week-1/Unreal_1st_Week/FirstDay/Content/StarterContent/Textures/T_Shelf_M.uasset"
[2021.11.04-23.43.26:925][  0]LogPackFactory: Copied "../../../Samples/StarterContent/Content/StarterContent/Textures/T_Shelf_N.uasset" to "E:/UnrealGithub/Week-1/Unreal_1st_Week/FirstDay/Content/StarterContent/Textures/T_Shelf_N.uasset"
[2021.11.04-23.43.26:945][  0]LogPackFactory: Copied "../../../Samples/StarterContent/Content/StarterContent/Textures/T_Single_Tile_N.uasset" to "E:/UnrealGithub/Week-1/Unreal_1st_Week/FirstDay/Content/StarterContent/Textures/T_Single_Tile_N.uasset"
[2021.11.04-23.43.26:969][  0]LogPackFactory: Copied "../../../Samples/StarterContent/Content/StarterContent/Textures/T_Smoke_SubUV.uasset" to "E:/UnrealGithub/Week-1/Unreal_1st_Week/FirstDay/Content/StarterContent/Textures/T_Smoke_SubUV.uasset"
[2021.11.04-23.43.26:984][  0]LogPackFactory: Copied "../../../Samples/StarterContent/Content/StarterContent/Textures/T_Smoke_Tiled_D.uasset" to "E:/UnrealGithub/Week-1/Unreal_1st_Week/FirstDay/Content/StarterContent/Textures/T_Smoke_Tiled_D.uasset"
[2021.11.04-23.43.26:993][  0]LogPackFactory: Copied "../../../Samples/StarterContent/Content/StarterContent/Textures/T_Spark_Core.uasset" to "E:/UnrealGithub/Week-1/Unreal_1st_Week/FirstDay/Content/StarterContent/Textures/T_Spark_Core.uasset"
[2021.11.04-23.43.27:013][  0]LogPackFactory: Copied "../../../Samples/StarterContent/Content/StarterContent/Textures/T_Statue_M.uasset" to "E:/UnrealGithub/Week-1/Unreal_1st_Week/FirstDay/Content/StarterContent/Textures/T_Statue_M.uasset"
[2021.11.04-23.43.27:031][  0]LogPackFactory: Copied "../../../Samples/StarterContent/Content/StarterContent/Textures/T_Statue_N.uasset" to "E:/UnrealGithub/Week-1/Unreal_1st_Week/FirstDay/Content/StarterContent/Textures/T_Statue_N.uasset"
[2021.11.04-23.43.27:049][  0]LogPackFactory: Copied "../../../Samples/StarterContent/Content/StarterContent/Textures/T_TableRound_M.uasset" to "E:/UnrealGithub/Week-1/Unreal_1st_Week/FirstDay/Content/StarterContent/Textures/T_TableRound_M.uasset"
[2021.11.04-23.43.27:071][  0]LogPackFactory: Copied "../../../Samples/StarterContent/Content/StarterContent/Textures/T_TableRound_N.uasset" to "E:/UnrealGithub/Week-1/Unreal_1st_Week/FirstDay/Content/StarterContent/Textures/T_TableRound_N.uasset"
[2021.11.04-23.43.27:113][  0]LogPackFactory: Copied "../../../Samples/StarterContent/Content/StarterContent/Textures/T_Tech_Dot_M.uasset" to "E:/UnrealGithub/Week-1/Unreal_1st_Week/FirstDay/Content/StarterContent/Textures/T_Tech_Dot_M.uasset"
[2021.11.04-23.43.27:123][  0]LogPackFactory: Copied "../../../Samples/StarterContent/Content/StarterContent/Textures/T_Tech_Dot_N.uasset" to "E:/UnrealGithub/Week-1/Unreal_1st_Week/FirstDay/Content/StarterContent/Textures/T_Tech_Dot_N.uasset"
[2021.11.04-23.43.27:139][  0]LogPackFactory: Copied "../../../Samples/StarterContent/Content/StarterContent/Textures/T_Tech_Hex_Tile_M.uasset" to "E:/UnrealGithub/Week-1/Unreal_1st_Week/FirstDay/Content/StarterContent/Textures/T_Tech_Hex_Tile_M.uasset"
[2021.11.04-23.43.27:156][  0]LogPackFactory: Copied "../../../Samples/StarterContent/Content/StarterContent/Textures/T_Tech_Hex_Tile_N.uasset" to "E:/UnrealGithub/Week-1/Unreal_1st_Week/FirstDay/Content/StarterContent/Textures/T_Tech_Hex_Tile_N.uasset"
[2021.11.04-23.43.27:177][  0]LogPackFactory: Copied "../../../Samples/StarterContent/Content/StarterContent/Textures/T_Tech_Panel_M.uasset" to "E:/UnrealGithub/Week-1/Unreal_1st_Week/FirstDay/Content/StarterContent/Textures/T_Tech_Panel_M.uasset"
[2021.11.04-23.43.27:197][  0]LogPackFactory: Copied "../../../Samples/StarterContent/Content/StarterContent/Textures/T_Tech_Panel_N.uasset" to "E:/UnrealGithub/Week-1/Unreal_1st_Week/FirstDay/Content/StarterContent/Textures/T_Tech_Panel_N.uasset"
[2021.11.04-23.43.27:214][  0]LogPackFactory: Copied "../../../Samples/StarterContent/Content/StarterContent/Textures/T_Water_M.uasset" to "E:/UnrealGithub/Week-1/Unreal_1st_Week/FirstDay/Content/StarterContent/Textures/T_Water_M.uasset"
[2021.11.04-23.43.27:242][  0]LogPackFactory: Copied "../../../Samples/StarterContent/Content/StarterContent/Textures/T_Water_N.uasset" to "E:/UnrealGithub/Week-1/Unreal_1st_Week/FirstDay/Content/StarterContent/Textures/T_Water_N.uasset"
[2021.11.04-23.43.27:285][  0]LogPackFactory: Copied "../../../Samples/StarterContent/Content/StarterContent/Textures/T_Wood_Floor_Walnut_D.uasset" to "E:/UnrealGithub/Week-1/Unreal_1st_Week/FirstDay/Content/StarterContent/Textures/T_Wood_Floor_Walnut_D.uasset"
[2021.11.04-23.43.27:324][  0]LogPackFactory: Copied "../../../Samples/StarterContent/Content/StarterContent/Textures/T_Wood_Floor_Walnut_M.uasset" to "E:/UnrealGithub/Week-1/Unreal_1st_Week/FirstDay/Content/StarterContent/Textures/T_Wood_Floor_Walnut_M.uasset"
[2021.11.04-23.43.27:344][  0]LogPackFactory: Copied "../../../Samples/StarterContent/Content/StarterContent/Textures/T_Wood_Floor_Walnut_N.uasset" to "E:/UnrealGithub/Week-1/Unreal_1st_Week/FirstDay/Content/StarterContent/Textures/T_Wood_Floor_Walnut_N.uasset"
[2021.11.04-23.43.27:389][  0]LogPackFactory: Copied "../../../Samples/StarterContent/Content/StarterContent/Textures/T_Wood_Oak_D.uasset" to "E:/UnrealGithub/Week-1/Unreal_1st_Week/FirstDay/Content/StarterContent/Textures/T_Wood_Oak_D.uasset"
[2021.11.04-23.43.27:440][  0]LogPackFactory: Copied "../../../Samples/StarterContent/Content/StarterContent/Textures/T_Wood_Oak_N.uasset" to "E:/UnrealGithub/Week-1/Unreal_1st_Week/FirstDay/Content/StarterContent/Textures/T_Wood_Oak_N.uasset"
[2021.11.04-23.43.27:537][  0]LogPackFactory: Copied "../../../Samples/StarterContent/Content/StarterContent/Textures/T_Wood_Pine_D.uasset" to "E:/UnrealGithub/Week-1/Unreal_1st_Week/FirstDay/Content/StarterContent/Textures/T_Wood_Pine_D.uasset"
[2021.11.04-23.43.27:574][  0]LogPackFactory: Copied "../../../Samples/StarterContent/Content/StarterContent/Textures/T_Wood_Pine_N.uasset" to "E:/UnrealGithub/Week-1/Unreal_1st_Week/FirstDay/Content/StarterContent/Textures/T_Wood_Pine_N.uasset"
[2021.11.04-23.43.27:626][  0]LogPackFactory: Copied "../../../Samples/StarterContent/Content/StarterContent/Textures/T_Wood_Walnut_D.uasset" to "E:/UnrealGithub/Week-1/Unreal_1st_Week/FirstDay/Content/StarterContent/Textures/T_Wood_Walnut_D.uasset"
[2021.11.04-23.43.27:655][  0]LogPackFactory: Copied "../../../Samples/StarterContent/Content/StarterContent/Textures/T_Wood_Walnut_N.uasset" to "E:/UnrealGithub/Week-1/Unreal_1st_Week/FirstDay/Content/StarterContent/Textures/T_Wood_Walnut_N.uasset"
[2021.11.04-23.43.27:780][  0]LogStaticMesh: Floor_400x400 스태틱 메시 빌드중...
[2021.11.04-23.43.27:817][  0]LogStaticMesh: Built static mesh [0.04s] /Game/StarterContent/Architecture/Floor_400x400.Floor_400x400
[2021.11.04-23.43.27:913][  0]LogRenderer: Reallocating scene render targets to support 256x256 Format 10 NumSamples 1 (Frame:1).
[2021.11.04-23.43.27:945][  0]Cmd: OBJ SAVEPACKAGE PACKAGE="/Game/StarterContent/Architecture/Floor_400x400" FILE="E:/UnrealGithub/Week-1/Unreal_1st_Week/FirstDay/Content/StarterContent/Architecture/Floor_400x400.uasset" SILENT=true
[2021.11.04-23.43.27:966][  0]LogSavePackage: Moving 'E:/UnrealGithub/Week-1/Unreal_1st_Week/FirstDay/Saved/Floor_400x400F5B0733341C09873A3BAABBC695E8932.tmp' to 'E:/UnrealGithub/Week-1/Unreal_1st_Week/FirstDay/Content/StarterContent/Architecture/Floor_400x400.uasset'
[2021.11.04-23.43.27:987][  0]LogFeaturePack: Warning: Inserted 1 feature packs
[2021.11.04-23.43.27:988][  0]Cmd: MAP LOAD FILE="E:/UnrealGithub/Week-1/Unreal_1st_Week/FirstDay/Content/StarterContent/Maps/Minimal_Default.umap" TEMPLATE=0 SHOWPROGRESS=1 FEATURELEVEL=3
[2021.11.04-23.43.27:988][  0]LightingResults: New page: 라이팅 빌드
[2021.11.04-23.43.27:990][  0]MapCheck: New page: 맵 체크
[2021.11.04-23.43.27:991][  0]LightingResults: New page: 라이팅 빌드
[2021.11.04-23.43.28:585][  0]LogAIModule: Creating AISystem for world Minimal_Default
[2021.11.04-23.43.28:610][  0]LogEditorServer: Finished looking for orphan Actors (0.000 secs)
[2021.11.04-23.43.28:650][  0]Cmd: MAP CHECKDEP NOCLEARLOG
[2021.11.04-23.43.28:695][  0]MapCheck: 맵 체크 완료: 오류 0 회, 경고 0 회, 소요 시간 44.723ms.
[2021.11.04-23.43.28:695][  0]LogFileHelpers: Loading map 'Minimal_Default' took 0.707
[2021.11.04-23.43.28:778][  0]LogSlate: Updating window title bar state: overlay mode, drag disabled, window buttons hidden, title bar hidden
[2021.11.04-23.43.28:782][  0]LogSlate: Updating window title bar state: overlay mode, drag disabled, window buttons hidden, title bar hidden
[2021.11.04-23.43.28:787][  0]LogSlate: Updating window title bar state: overlay mode, drag disabled, window buttons hidden, title bar hidden
[2021.11.04-23.43.28:791][  0]LogSlate: Updating window title bar state: overlay mode, drag disabled, window buttons hidden, title bar hidden
[2021.11.04-23.43.28:795][  0]LogCollectionManager: Loaded 0 collections in 0.001172 seconds
[2021.11.04-23.43.28:855][  0]LogFileCache: Scanning file cache for directory 'E:/UnrealGithub/Week-1/Unreal_1st_Week/FirstDay/Saved/Collections/' took 0.01s
[2021.11.04-23.43.28:855][  0]LogFileCache: Scanning file cache for directory 'E:/UnrealGithub/Week-1/Unreal_1st_Week/FirstDay/Content/Developers/Wangjunyoung/Collections/' took 0.01s
[2021.11.04-23.43.28:855][  0]LogFileCache: Scanning file cache for directory 'E:/UnrealGithub/Week-1/Unreal_1st_Week/FirstDay/Content/Collections/' took 0.01s
[2021.11.04-23.43.28:855][  0]LogCollectionManager: Rebuilt the GUID cache for 0 collections in 0.000000 seconds
[2021.11.04-23.43.28:864][  0]LogContentBrowser: Native class hierarchy populated in 0.0081 seconds. Added 2622 classes and 631 folders.
[2021.11.04-23.43.28:868][  0]LogContentBrowser: Native class hierarchy updated for 'WidgetCarousel' in 0.0004 seconds. Added 0 classes and 0 folders.
[2021.11.04-23.43.28:897][  0]LogContentBrowser: Native class hierarchy updated for 'AddContentDialog' in 0.0004 seconds. Added 0 classes and 0 folders.
[2021.11.04-23.43.28:902][  0]LogContentBrowser: Native class hierarchy updated for 'SceneOutliner' in 0.0004 seconds. Added 1 classes and 2 folders.
[2021.11.04-23.43.28:914][  0]LogSlate: Took 0.000194 seconds to synchronously load lazily loaded font '../../../Engine/Content/Slate/Fonts/Roboto-Regular.ttf' (155K)
[2021.11.04-23.43.28:917][  0]LogSlate: Took 0.001496 seconds to synchronously load lazily loaded font '../../../Engine/Content/Editor/Slate/Fonts/NanumGothic.ttf' (4243K)
[2021.11.04-23.43.28:919][  0]LogSlate: Took 0.001568 seconds to synchronously load lazily loaded font '../../../Engine/Content/Editor/Slate/Fonts/NanumGothicBold.ttf' (4188K)
[2021.11.04-23.43.28:919][  0]LogSlate: Took 0.000122 seconds to synchronously load lazily loaded font '../../../Engine/Content/Slate/Fonts/Roboto-Bold.ttf' (160K)
[2021.11.04-23.43.28:922][  0]LogSlate: Took 0.000110 seconds to synchronously load lazily loaded font '../../../Engine/Content/Editor/Slate/Fonts/FontAwesome.ttf' (139K)
[2021.11.04-23.43.28:957][  0]LogRenderer: Reallocating scene render targets to support 1168x600 Format 10 NumSamples 1 (Frame:1).
[2021.11.04-23.43.29:000][  0]LogSlate: Took 0.000186 seconds to synchronously load lazily loaded font '../../../Engine/Content/Slate/Fonts/Roboto-Light.ttf' (167K)
[2021.11.04-23.43.29:070][  0]LogContentBrowser: Native class hierarchy updated for 'HierarchicalLODOutliner' in 0.0004 seconds. Added 0 classes and 0 folders.
[2021.11.04-23.43.29:070][  0]LogLoad: (Engine Initialization) Total time: 19.50 seconds
[2021.11.04-23.43.29:070][  0]LogLoad: (Engine Initialization) Total Blueprint compile time: 0.00 seconds
[2021.11.04-23.43.29:105][  0]LogAssetRegistry: Asset discovery search completed in 14.3876 seconds
[2021.11.04-23.43.29:106][  0]LogCollectionManager: Rebuilt the object cache for 0 collections in 0.000000 seconds (found 0 objects)
[2021.11.04-23.43.29:106][  0]LogCollectionManager: Fixed up redirectors for 0 collections in 0.000028 seconds (updated 0 objects)
[2021.11.04-23.43.29:172][  0]LogContentStreaming: Texture pool size now 1000 MB
